#
# There is insufficient memory for the Java Runtime Environment to continue.
# Native memory allocation (malloc) failed to allocate 686416 bytes for Chunk::new
# Possible reasons:
#   The system is out of physical RAM or swap space
#   The process is running with CompressedOops enabled, and the Java Heap may be blocking the growth of the native heap
# Possible solutions:
#   Reduce memory load on the system
#   Increase physical memory or swap space
#   Check if swap backing store is full
#   Decrease Java heap size (-Xmx/-Xms)
#   Decrease number of Java threads
#   Decrease Java thread stack sizes (-Xss)
#   Set larger code cache with -XX:ReservedCodeCacheSize=
#   JVM is running with Unscaled Compressed Oops mode in which the Java heap is
#     placed in the first 4GB address space. The Java Heap base address is the
#     maximum limit for the native heap growth. Please use -XX:HeapBaseMinAddress
#     to set the Java Heap base and to place the Java Heap above 4GB virtual address.
# This output file may be truncated or incomplete.
#
#  Out of Memory Error (./open/src/hotspot/share/memory/arena.cpp:197), pid=5096, tid=9816
#
# JRE version: Java(TM) SE Runtime Environment 18.9 (11.0.13+10) (build 11.0.13+10-LTS-370)
# Java VM: Java HotSpot(TM) 64-Bit Server VM 18.9 (11.0.13+10-LTS-370, mixed mode, tiered, compressed oops, g1 gc, windows-amd64)
# No core dump will be written. Minidumps are not enabled by default on client versions of Windows
#

---------------  S U M M A R Y ------------

Command Line: --add-opens=java.base/java.util=ALL-UNNAMED --add-opens=java.base/java.lang=ALL-UNNAMED --add-opens=java.base/java.lang.invoke=ALL-UNNAMED --add-opens=java.base/java.util=ALL-UNNAMED --add-opens=java.prefs/java.util.prefs=ALL-UNNAMED --add-opens=java.prefs/java.util.prefs=ALL-UNNAMED --add-opens=java.base/java.nio.charset=ALL-UNNAMED --add-opens=java.base/java.net=ALL-UNNAMED --add-opens=java.base/java.util.concurrent.atomic=ALL-UNNAMED -XX:MaxMetaspaceSize=256m -XX:+HeapDumpOnOutOfMemoryError -Xms256m -Xmx512m -Dfile.encoding=windows-1251 -Duser.country=UA -Duser.language=uk -Duser.variant org.gradle.launcher.daemon.bootstrap.GradleDaemon 7.1

Host: Intel(R) Core(TM) i5-8250U CPU @ 1.60GHz, 8 cores, 7G,  Windows 10 , 64 bit Build 19041 (10.0.19041.1566)
Time: Tue Apr 12 18:23:35 2022 ‘≥ÌÎˇÌ‰≥ˇ (Î≥ÚÓ) elapsed time: 327.073232 seconds (0d 0h 5m 27s)

---------------  T H R E A D  ---------------

Current thread (0x000002ed596cb800):  JavaThread "C2 CompilerThread1" daemon [_thread_in_native, id=9816, stack(0x000000fe05d00000,0x000000fe05e00000)]


Current CompileTask:
C2: 327073 8199       4       org.gradle.api.internal.tasks.compile.incremental.serialization.HierarchicalNameSerializer::readName (51 bytes)

Stack: [0x000000fe05d00000,0x000000fe05e00000]
Native frames: (J=compiled Java code, j=interpreted, Vv=VM code, C=native code)
V  [jvm.dll+0x62870a]
V  [jvm.dll+0x761f2f]
V  [jvm.dll+0x7635d9]
V  [jvm.dll+0x763c63]
V  [jvm.dll+0x23d728]
V  [jvm.dll+0xb293c]
V  [jvm.dll+0xb2efc]
V  [jvm.dll+0x2ae384]
V  [jvm.dll+0x53bfd6]
V  [jvm.dll+0x1f99d7]
V  [jvm.dll+0x1f731d]
V  [jvm.dll+0x177991]
V  [jvm.dll+0x206d84]
V  [jvm.dll+0x204ebb]
V  [jvm.dll+0x727e70]
V  [jvm.dll+0x720a54]
V  [jvm.dll+0x627606]
C  [ucrtbase.dll+0x21bb2]
C  [KERNEL32.DLL+0x17034]
C  [ntdll.dll+0x52651]


---------------  P R O C E S S  ---------------

Threads class SMR info:
_java_thread_list=0x000002ed5b78a110, length=119, elements={
0x000002ed3e00c800, 0x000002ed586d5800, 0x000002ed586d7000, 0x000002ed58f5b000,
0x000002ed58f5c000, 0x000002ed58f5e000, 0x000002ed58f61800, 0x000002ed58f64800,
0x000002ed58f66800, 0x000002ed590da000, 0x000002ed5bc35800, 0x000002ed5aedc800,
0x000002ed5bbe2800, 0x000002ed5c180000, 0x000002ed5c17c000, 0x000002ed5c17b000,
0x000002ed5c17e800, 0x000002ed5c17f000, 0x000002ed5edd1800, 0x000002ed5edcf000,
0x000002ed5edd4000, 0x000002ed5edd0000, 0x000002ed5edce800, 0x000002ed5edda800,
0x000002ed5edda000, 0x000002ed5edd5000, 0x000002ed5edd6800, 0x000002ed5edd5800,
0x000002ed5eddc000, 0x000002ed5c65a000, 0x000002ed5c660800, 0x000002ed5c65d800,
0x000002ed5c65f000, 0x000002ed5c65b000, 0x000002ed5c65c000, 0x000002ed5c65c800,
0x000002ed5c65e000, 0x000002ed5c660000, 0x000002ed5edd1000, 0x000002ed5eddd000,
0x000002ed5eddb800, 0x000002ed596cb800, 0x000002ed5edd7800, 0x000002ed5edd8000,
0x000002ed5b66c000, 0x000002ed5edd9000, 0x000002ed5c180800, 0x000002ed5c17c800,
0x000002ed5c181800, 0x000002ed5c17d800, 0x000002ed5c9f6800, 0x000002ed5c9f5800,
0x000002ed5c9f9800, 0x000002ed5c9fb800, 0x000002ed5c9fc000, 0x000002ed5c9f7000,
0x000002ed5c9f8000, 0x000002ed5c9fe800, 0x000002ed5c9fa800, 0x000002ed5c9fd000,
0x000002ed5c9fd800, 0x000002ed5c9f9000, 0x000002ed5ca02800, 0x000002ed5ca01000,
0x000002ed5ca02000, 0x000002ed5c9ff800, 0x000002ed5ca04800, 0x000002ed5ca00000,
0x000002ed5ca03800, 0x000002ed59991800, 0x000002ed5998f000, 0x000002ed5998c800,
0x000002ed5998f800, 0x000002ed59990800, 0x000002ed5998d800, 0x000002ed59994000,
0x000002ed59993000, 0x000002ed5998e000, 0x000002ed59996000, 0x000002ed59992000,
0x000002ed59995800, 0x000002ed59998800, 0x000002ed59994800, 0x000002ed59997000,
0x000002ed5999a800, 0x000002ed59999800, 0x000002ed59998000, 0x000002ed5999b000,
0x000002ed5e19a800, 0x000002ed5e199000, 0x000002ed5e19b800, 0x000002ed5e19f800,
0x000002ed5e19c800, 0x000002ed5e19d000, 0x000002ed5e19e000, 0x000002ed5e19f000,
0x000002ed5e19a000, 0x000002ed5e1a1000, 0x000002ed5e1a2000, 0x000002ed5e1a6000,
0x000002ed5e1a3800, 0x000002ed5e1a5800, 0x000002ed5e1a3000, 0x000002ed5e1a4800,
0x000002ed5e1a0800, 0x000002ed5e1a7000, 0x000002ed5e1a7800, 0x000002ed5b222800,
0x000002ed5b225000, 0x000002ed5b223000, 0x000002ed5b224000, 0x000002ed5b221000,
0x000002ed5b225800, 0x000002ed5b227800, 0x000002ed5b226800, 0x000002ed5b221800,
0x000002ed5b1cb800, 0x000002ed5b1c7000, 0x000002ed5b1ca000
}

Java Threads: ( => current thread )
  0x000002ed3e00c800 JavaThread "main" [_thread_blocked, id=3620, stack(0x000000fe03200000,0x000000fe03300000)]
  0x000002ed586d5800 JavaThread "Reference Handler" daemon [_thread_blocked, id=3044, stack(0x000000fe03900000,0x000000fe03a00000)]
  0x000002ed586d7000 JavaThread "Finalizer" daemon [_thread_blocked, id=13180, stack(0x000000fe03a00000,0x000000fe03b00000)]
  0x000002ed58f5b000 JavaThread "Signal Dispatcher" daemon [_thread_blocked, id=12756, stack(0x000000fe03b00000,0x000000fe03c00000)]
  0x000002ed58f5c000 JavaThread "Attach Listener" daemon [_thread_blocked, id=10876, stack(0x000000fe03c00000,0x000000fe03d00000)]
  0x000002ed58f5e000 JavaThread "Service Thread" daemon [_thread_blocked, id=11344, stack(0x000000fe03d00000,0x000000fe03e00000)]
  0x000002ed58f61800 JavaThread "C2 CompilerThread0" daemon [_thread_in_native, id=12432, stack(0x000000fe03e00000,0x000000fe03f00000)]
  0x000002ed58f64800 JavaThread "C1 CompilerThread0" daemon [_thread_blocked, id=12096, stack(0x000000fe03f00000,0x000000fe04000000)]
  0x000002ed58f66800 JavaThread "Sweeper thread" daemon [_thread_blocked, id=12024, stack(0x000000fe04000000,0x000000fe04100000)]
  0x000002ed590da000 JavaThread "Common-Cleaner" daemon [_thread_blocked, id=11644, stack(0x000000fe04100000,0x000000fe04200000)]
  0x000002ed5bc35800 JavaThread "Daemon health stats" [_thread_blocked, id=10856, stack(0x000000fe04a00000,0x000000fe04b00000)]
  0x000002ed5aedc800 JavaThread "Incoming local TCP Connector on port 62110" [_thread_in_native, id=12128, stack(0x000000fe04b00000,0x000000fe04c00000)]
  0x000002ed5bbe2800 JavaThread "Daemon periodic checks" [_thread_blocked, id=4296, stack(0x000000fe04c00000,0x000000fe04d00000)]
  0x000002ed5c180000 JavaThread "Cache worker for journal cache (C:\Users\NoName\.gradle\caches\journal-1)" [_thread_blocked, id=3556, stack(0x000000fe05400000,0x000000fe05500000)]
  0x000002ed5c17c000 JavaThread "File lock request listener" [_thread_in_native, id=8896, stack(0x000000fe05500000,0x000000fe05600000)]
  0x000002ed5c17b000 JavaThread "Cache worker for file hash cache (C:\Users\NoName\.gradle\caches\7.1\fileHashes)" [_thread_blocked, id=11912, stack(0x000000fe05600000,0x000000fe05700000)]
  0x000002ed5c17e800 JavaThread "File watcher server" daemon [_thread_in_native, id=1008, stack(0x000000fe05b00000,0x000000fe05c00000)]
  0x000002ed5c17f000 JavaThread "File watcher consumer" daemon [_thread_blocked, id=7096, stack(0x000000fe05c00000,0x000000fe05d00000)]
  0x000002ed5edd1800 JavaThread "Cache worker for execution history cache (C:\Users\NoName\.gradle\caches\7.1\executionHistory)" [_thread_blocked, id=2328, stack(0x000000fe06000000,0x000000fe06100000)]
  0x000002ed5edcf000 JavaThread "jar transforms" [_thread_blocked, id=10056, stack(0x000000fe06100000,0x000000fe06200000)]
  0x000002ed5edd4000 JavaThread "jar transforms Thread 2" [_thread_blocked, id=7940, stack(0x000000fe06200000,0x000000fe06300000)]
  0x000002ed5edd0000 JavaThread "Cache worker for file content cache (C:\Users\NoName\.gradle\caches\7.1\fileContent)" [_thread_blocked, id=12628, stack(0x000000fe06300000,0x000000fe06400000)]
  0x000002ed5edce800 JavaThread "jar transforms Thread 3" [_thread_blocked, id=10156, stack(0x000000fe06400000,0x000000fe06500000)]
  0x000002ed5edda800 JavaThread "jar transforms Thread 4" [_thread_blocked, id=6292, stack(0x000000fe06500000,0x000000fe06600000)]
  0x000002ed5edda000 JavaThread "jar transforms Thread 5" [_thread_blocked, id=10580, stack(0x000000fe06600000,0x000000fe06700000)]
  0x000002ed5edd5000 JavaThread "jar transforms Thread 6" [_thread_blocked, id=9608, stack(0x000000fe06700000,0x000000fe06800000)]
  0x000002ed5edd6800 JavaThread "jar transforms Thread 7" [_thread_blocked, id=9784, stack(0x000000fe06900000,0x000000fe06a00000)]
  0x000002ed5edd5800 JavaThread "Memory manager" [_thread_blocked, id=10820, stack(0x000000fe06b00000,0x000000fe06c00000)]
  0x000002ed5eddc000 JavaThread "jar transforms Thread 8" [_thread_blocked, id=12600, stack(0x000000fe06c00000,0x000000fe06d00000)]
  0x000002ed5c65a000 JavaThread "Cache worker for Java compile cache (C:\Users\NoName\.gradle\caches\7.1\javaCompile)" [_thread_blocked, id=240, stack(0x000000fe0af00000,0x000000fe0b000000)]
  0x000002ed5c660800 JavaThread "Daemon Thread 2" [_thread_blocked, id=2936, stack(0x000000fe03100000,0x000000fe03200000)]
  0x000002ed5c65d800 JavaThread "Handler for socket connection from /127.0.0.1:62110 to /127.0.0.1:62188" [_thread_in_native, id=10116, stack(0x000000fe04300000,0x000000fe04400000)]
  0x000002ed5c65f000 JavaThread "Cancel handler" [_thread_blocked, id=6004, stack(0x000000fe04400000,0x000000fe04500000)]
  0x000002ed5c65b000 JavaThread "Daemon worker Thread 2" [_thread_blocked, id=11748, stack(0x000000fe04d00000,0x000000fe04e00000)]
  0x000002ed5c65c000 JavaThread "Asynchronous log dispatcher for DefaultDaemonConnection: socket connection from /127.0.0.1:62110 to /127.0.0.1:62188" [_thread_blocked, id=10512, stack(0x000000fe04e00000,0x000000fe04f00000)]
  0x000002ed5c65c800 JavaThread "Stdin handler" [_thread_blocked, id=8084, stack(0x000000fe04f00000,0x000000fe05000000)]
  0x000002ed5c65e000 JavaThread "Daemon client event forwarder" [_thread_blocked, id=1120, stack(0x000000fe05000000,0x000000fe05100000)]
  0x000002ed5c660000 JavaThread "Cache worker for file hash cache (G:\–ù–æ–≤–∞ –ø–∞–ø–∫–∞\GoIT_Java_Core_Online_5_Project_1\.gradle\7.1\fileHashes)" [_thread_blocked, id=10524, stack(0x000000fe05100000,0x000000fe05200000)]
  0x000002ed5edd1000 JavaThread "Cache worker for checksums cache (G:\–ù–æ–≤–∞ –ø–∞–ø–∫–∞\GoIT_Java_Core_Online_5_Project_1\.gradle\checksums)" [_thread_blocked, id=3648, stack(0x000000fe05200000,0x000000fe05300000)]
  0x000002ed5eddd000 JavaThread "Cache worker for cache directory md-supplier (C:\Users\NoName\.gradle\caches\7.1\md-supplier)" [_thread_blocked, id=10416, stack(0x000000fe05300000,0x000000fe05400000)]
  0x000002ed5eddb800 JavaThread "Cache worker for cache directory md-rule (C:\Users\NoName\.gradle\caches\7.1\md-rule)" [_thread_blocked, id=3884, stack(0x000000fe05a00000,0x000000fe05b00000)]
=>0x000002ed596cb800 JavaThread "C2 CompilerThread1" daemon [_thread_in_native, id=9816, stack(0x000000fe05d00000,0x000000fe05e00000)]
  0x000002ed5edd7800 JavaThread "Cache worker for dependencies-accessors (G:\–ù–æ–≤–∞ –ø–∞–ø–∫–∞\GoIT_Java_Core_Online_5_Project_1\.gradle\7.1\dependencies-accessors)" [_thread_blocked, id=10436, stack(0x000000fe05e00000,0x000000fe05f00000)]
  0x000002ed5edd8000 JavaThread "Cache worker for Build Output Cleanup Cache (G:\–ù–æ–≤–∞ –ø–∞–ø–∫–∞\GoIT_Java_Core_Online_5_Project_1\.gradle\buildOutputCleanup)" [_thread_blocked, id=1244, stack(0x000000fe05f00000,0x000000fe06000000)]
  0x000002ed5b66c000 JavaThread "C2 CompilerThread2" daemon [_thread_in_native, id=2932, stack(0x000000fe06800000,0x000000fe06900000)]
  0x000002ed5edd9000 JavaThread "Execution worker for ':'" [_thread_blocked, id=11780, stack(0x000000fe06a00000,0x000000fe06b00000)]
  0x000002ed5c180800 JavaThread "Execution worker for ':' Thread 2" [_thread_blocked, id=12604, stack(0x000000fe06d00000,0x000000fe06e00000)]
  0x000002ed5c17c800 JavaThread "Execution worker for ':' Thread 3" [_thread_blocked, id=11200, stack(0x000000fe06e00000,0x000000fe06f00000)]
  0x000002ed5c181800 JavaThread "Execution worker for ':' Thread 4" [_thread_blocked, id=6512, stack(0x000000fe06f00000,0x000000fe07000000)]
  0x000002ed5c17d800 JavaThread "Execution worker for ':' Thread 5" [_thread_blocked, id=4288, stack(0x000000fe07000000,0x000000fe07100000)]
  0x000002ed5c9f6800 JavaThread "Execution worker for ':' Thread 6" [_thread_blocked, id=2760, stack(0x000000fe07100000,0x000000fe07200000)]
  0x000002ed5c9f5800 JavaThread "Execution worker for ':' Thread 7" [_thread_blocked, id=12184, stack(0x000000fe07200000,0x000000fe07300000)]
  0x000002ed5c9f9800 JavaThread "Cache worker for execution history cache (G:\–ù–æ–≤–∞ –ø–∞–ø–∫–∞\GoIT_Java_Core_Online_5_Project_1\.gradle\7.1\executionHistory)" [_thread_blocked, id=13132, stack(0x000000fe07300000,0x000000fe07400000)]
  0x000002ed5c9fb800 JavaThread "Unconstrained build operations" [_thread_blocked, id=10424, stack(0x000000fe07400000,0x000000fe07500000)]
  0x000002ed5c9fc000 JavaThread "Unconstrained build operations Thread 2" [_thread_blocked, id=5872, stack(0x000000fe07500000,0x000000fe07600000)]
  0x000002ed5c9f7000 JavaThread "Unconstrained build operations Thread 3" [_thread_blocked, id=772, stack(0x000000fe07600000,0x000000fe07700000)]
  0x000002ed5c9f8000 JavaThread "Unconstrained build operations Thread 4" [_thread_blocked, id=12788, stack(0x000000fe07700000,0x000000fe07800000)]
  0x000002ed5c9fe800 JavaThread "Unconstrained build operations Thread 5" [_thread_blocked, id=11716, stack(0x000000fe07800000,0x000000fe07900000)]
  0x000002ed5c9fa800 JavaThread "Unconstrained build operations Thread 6" [_thread_blocked, id=5068, stack(0x000000fe07900000,0x000000fe07a00000)]
  0x000002ed5c9fd000 JavaThread "Unconstrained build operations Thread 7" [_thread_blocked, id=12532, stack(0x000000fe07a00000,0x000000fe07b00000)]
  0x000002ed5c9fd800 JavaThread "Unconstrained build operations Thread 8" [_thread_blocked, id=10348, stack(0x000000fe07b00000,0x000000fe07c00000)]
  0x000002ed5c9f9000 JavaThread "Unconstrained build operations Thread 9" [_thread_blocked, id=12856, stack(0x000000fe07c00000,0x000000fe07d00000)]
  0x000002ed5ca02800 JavaThread "Unconstrained build operations Thread 10" [_thread_blocked, id=10496, stack(0x000000fe07d00000,0x000000fe07e00000)]
  0x000002ed5ca01000 JavaThread "Unconstrained build operations Thread 11" [_thread_blocked, id=2880, stack(0x000000fe07e00000,0x000000fe07f00000)]
  0x000002ed5ca02000 JavaThread "Unconstrained build operations Thread 12" [_thread_blocked, id=10316, stack(0x000000fe07f00000,0x000000fe08000000)]
  0x000002ed5c9ff800 JavaThread "Unconstrained build operations Thread 13" [_thread_blocked, id=11608, stack(0x000000fe08000000,0x000000fe08100000)]
  0x000002ed5ca04800 JavaThread "Unconstrained build operations Thread 14" [_thread_blocked, id=10752, stack(0x000000fe08100000,0x000000fe08200000)]
  0x000002ed5ca00000 JavaThread "Unconstrained build operations Thread 15" [_thread_blocked, id=4740, stack(0x000000fe08200000,0x000000fe08300000)]
  0x000002ed5ca03800 JavaThread "Unconstrained build operations Thread 16" [_thread_blocked, id=12340, stack(0x000000fe08300000,0x000000fe08400000)]
  0x000002ed59991800 JavaThread "Unconstrained build operations Thread 17" [_thread_blocked, id=12640, stack(0x000000fe08400000,0x000000fe08500000)]
  0x000002ed5998f000 JavaThread "Unconstrained build operations Thread 18" [_thread_blocked, id=11940, stack(0x000000fe08500000,0x000000fe08600000)]
  0x000002ed5998c800 JavaThread "Unconstrained build operations Thread 19" [_thread_blocked, id=12544, stack(0x000000fe08600000,0x000000fe08700000)]
  0x000002ed5998f800 JavaThread "Unconstrained build operations Thread 20" [_thread_blocked, id=6580, stack(0x000000fe08700000,0x000000fe08800000)]
  0x000002ed59990800 JavaThread "Unconstrained build operations Thread 21" [_thread_blocked, id=7192, stack(0x000000fe08800000,0x000000fe08900000)]
  0x000002ed5998d800 JavaThread "Unconstrained build operations Thread 22" [_thread_blocked, id=3408, stack(0x000000fe08900000,0x000000fe08a00000)]
  0x000002ed59994000 JavaThread "Unconstrained build operations Thread 23" [_thread_blocked, id=1664, stack(0x000000fe08a00000,0x000000fe08b00000)]
  0x000002ed59993000 JavaThread "Unconstrained build operations Thread 24" [_thread_blocked, id=11340, stack(0x000000fe08b00000,0x000000fe08c00000)]
  0x000002ed5998e000 JavaThread "Unconstrained build operations Thread 25" [_thread_blocked, id=12832, stack(0x000000fe08c00000,0x000000fe08d00000)]
  0x000002ed59996000 JavaThread "Unconstrained build operations Thread 26" [_thread_blocked, id=11224, stack(0x000000fe08d00000,0x000000fe08e00000)]
  0x000002ed59992000 JavaThread "Unconstrained build operations Thread 27" [_thread_blocked, id=3100, stack(0x000000fe08e00000,0x000000fe08f00000)]
  0x000002ed59995800 JavaThread "Unconstrained build operations Thread 28" [_thread_blocked, id=7576, stack(0x000000fe08f00000,0x000000fe09000000)]
  0x000002ed59998800 JavaThread "Unconstrained build operations Thread 29" [_thread_blocked, id=632, stack(0x000000fe09000000,0x000000fe09100000)]
  0x000002ed59994800 JavaThread "Unconstrained build operations Thread 30" [_thread_blocked, id=4776, stack(0x000000fe09100000,0x000000fe09200000)]
  0x000002ed59997000 JavaThread "Unconstrained build operations Thread 31" [_thread_blocked, id=10852, stack(0x000000fe09200000,0x000000fe09300000)]
  0x000002ed5999a800 JavaThread "Unconstrained build operations Thread 32" [_thread_blocked, id=6316, stack(0x000000fe09300000,0x000000fe09400000)]
  0x000002ed59999800 JavaThread "Unconstrained build operations Thread 33" [_thread_blocked, id=12740, stack(0x000000fe09400000,0x000000fe09500000)]
  0x000002ed59998000 JavaThread "Unconstrained build operations Thread 34" [_thread_blocked, id=11604, stack(0x000000fe09500000,0x000000fe09600000)]
  0x000002ed5999b000 JavaThread "Unconstrained build operations Thread 35" [_thread_blocked, id=12396, stack(0x000000fe09600000,0x000000fe09700000)]
  0x000002ed5e19a800 JavaThread "Unconstrained build operations Thread 36" [_thread_blocked, id=6344, stack(0x000000fe09700000,0x000000fe09800000)]
  0x000002ed5e199000 JavaThread "Unconstrained build operations Thread 37" [_thread_blocked, id=3316, stack(0x000000fe09800000,0x000000fe09900000)]
  0x000002ed5e19b800 JavaThread "Unconstrained build operations Thread 38" [_thread_blocked, id=11612, stack(0x000000fe09900000,0x000000fe09a00000)]
  0x000002ed5e19f800 JavaThread "Unconstrained build operations Thread 39" [_thread_blocked, id=12136, stack(0x000000fe09a00000,0x000000fe09b00000)]
  0x000002ed5e19c800 JavaThread "Unconstrained build operations Thread 40" [_thread_blocked, id=13076, stack(0x000000fe09b00000,0x000000fe09c00000)]
  0x000002ed5e19d000 JavaThread "Unconstrained build operations Thread 41" [_thread_blocked, id=10404, stack(0x000000fe09c00000,0x000000fe09d00000)]
  0x000002ed5e19e000 JavaThread "Unconstrained build operations Thread 42" [_thread_blocked, id=4412, stack(0x000000fe09d00000,0x000000fe09e00000)]
  0x000002ed5e19f000 JavaThread "Unconstrained build operations Thread 43" [_thread_blocked, id=9660, stack(0x000000fe09e00000,0x000000fe09f00000)]
  0x000002ed5e19a000 JavaThread "Unconstrained build operations Thread 44" [_thread_blocked, id=11776, stack(0x000000fe09f00000,0x000000fe0a000000)]
  0x000002ed5e1a1000 JavaThread "Unconstrained build operations Thread 45" [_thread_blocked, id=2572, stack(0x000000fe0a000000,0x000000fe0a100000)]
  0x000002ed5e1a2000 JavaThread "Unconstrained build operations Thread 46" [_thread_blocked, id=3664, stack(0x000000fe0a100000,0x000000fe0a200000)]
  0x000002ed5e1a6000 JavaThread "Unconstrained build operations Thread 47" [_thread_blocked, id=1636, stack(0x000000fe0a200000,0x000000fe0a300000)]
  0x000002ed5e1a3800 JavaThread "Unconstrained build operations Thread 48" [_thread_blocked, id=11228, stack(0x000000fe0a300000,0x000000fe0a400000)]
  0x000002ed5e1a5800 JavaThread "Unconstrained build operations Thread 49" [_thread_blocked, id=9156, stack(0x000000fe0a400000,0x000000fe0a500000)]
  0x000002ed5e1a3000 JavaThread "Unconstrained build operations Thread 50" [_thread_blocked, id=12516, stack(0x000000fe0a500000,0x000000fe0a600000)]
  0x000002ed5e1a4800 JavaThread "Unconstrained build operations Thread 51" [_thread_blocked, id=13216, stack(0x000000fe0a600000,0x000000fe0a700000)]
  0x000002ed5e1a0800 JavaThread "Unconstrained build operations Thread 52" [_thread_blocked, id=4672, stack(0x000000fe0a700000,0x000000fe0a800000)]
  0x000002ed5e1a7000 JavaThread "Unconstrained build operations Thread 53" [_thread_blocked, id=11400, stack(0x000000fe0a800000,0x000000fe0a900000)]
  0x000002ed5e1a7800 JavaThread "Unconstrained build operations Thread 54" [_thread_blocked, id=7160, stack(0x000000fe0a900000,0x000000fe0aa00000)]
  0x000002ed5b222800 JavaThread "Unconstrained build operations Thread 55" [_thread_blocked, id=2264, stack(0x000000fe0aa00000,0x000000fe0ab00000)]
  0x000002ed5b225000 JavaThread "Unconstrained build operations Thread 56" [_thread_blocked, id=6332, stack(0x000000fe0ab00000,0x000000fe0ac00000)]
  0x000002ed5b223000 JavaThread "Unconstrained build operations Thread 57" [_thread_blocked, id=12408, stack(0x000000fe0ac00000,0x000000fe0ad00000)]
  0x000002ed5b224000 JavaThread "Unconstrained build operations Thread 58" [_thread_blocked, id=6876, stack(0x000000fe0ad00000,0x000000fe0ae00000)]
  0x000002ed5b221000 JavaThread "Build operations" [_thread_blocked, id=10932, stack(0x000000fe0ae00000,0x000000fe0af00000)]
  0x000002ed5b225800 JavaThread "Build operations Thread 2" [_thread_blocked, id=6944, stack(0x000000fe0b000000,0x000000fe0b100000)]
  0x000002ed5b227800 JavaThread "Build operations Thread 3" [_thread_blocked, id=2400, stack(0x000000fe0b100000,0x000000fe0b200000)]
  0x000002ed5b226800 JavaThread "Build operations Thread 4" [_thread_blocked, id=528, stack(0x000000fe0b200000,0x000000fe0b300000)]
  0x000002ed5b221800 JavaThread "Build operations Thread 5" [_thread_blocked, id=10164, stack(0x000000fe0b300000,0x000000fe0b400000)]
  0x000002ed5b1cb800 JavaThread "Build operations Thread 6" [_thread_blocked, id=9880, stack(0x000000fe0b400000,0x000000fe0b500000)]
  0x000002ed5b1c7000 JavaThread "Build operations Thread 7" [_thread_blocked, id=10760, stack(0x000000fe0b500000,0x000000fe0b600000)]
  0x000002ed5b1ca000 JavaThread "Build operations Thread 8" [_thread_blocked, id=4048, stack(0x000000fe0b600000,0x000000fe0b700000)]

Other Threads:
  0x000002ed586d4000 VMThread "VM Thread" [stack: 0x000000fe03800000,0x000000fe03900000] [id=1444]
  0x000002ed590ff000 WatcherThread [stack: 0x000000fe04200000,0x000000fe04300000] [id=11744]
  0x000002ed3bfac000 GCTaskThread "GC Thread#0" [stack: 0x000000fe03300000,0x000000fe03400000] [id=11884]
  0x000002ed59ab6000 GCTaskThread "GC Thread#1" [stack: 0x000000fe04500000,0x000000fe04600000] [id=12848]
  0x000002ed5a0eb800 GCTaskThread "GC Thread#2" [stack: 0x000000fe04600000,0x000000fe04700000] [id=9648]
  0x000002ed59e64800 GCTaskThread "GC Thread#3" [stack: 0x000000fe04700000,0x000000fe04800000] [id=12272]
  0x000002ed59e65800 GCTaskThread "GC Thread#4" [stack: 0x000000fe04800000,0x000000fe04900000] [id=6208]
  0x000002ed59dcb000 GCTaskThread "GC Thread#5" [stack: 0x000000fe04900000,0x000000fe04a00000] [id=10228]
  0x000002ed5bc02800 GCTaskThread "GC Thread#6" [stack: 0x000000fe05700000,0x000000fe05800000] [id=12572]
  0x000002ed5b9cf000 GCTaskThread "GC Thread#7" [stack: 0x000000fe05800000,0x000000fe05900000] [id=11916]
  0x000002ed3e031000 ConcurrentGCThread "G1 Main Marker" [stack: 0x000000fe03400000,0x000000fe03500000] [id=12508]
  0x000002ed3e032000 ConcurrentGCThread "G1 Conc#0" [stack: 0x000000fe03500000,0x000000fe03600000] [id=11772]
  0x000002ed5bc9e800 ConcurrentGCThread "G1 Conc#1" [stack: 0x000000fe05900000,0x000000fe05a00000] [id=11504]
  0x000002ed3e0ee800 ConcurrentGCThread "G1 Refine#0" [stack: 0x000000fe03600000,0x000000fe03700000] [id=12636]
  0x000002ed58571000 ConcurrentGCThread "G1 Young RemSet Sampling" [stack: 0x000000fe03700000,0x000000fe03800000] [id=11484]

Threads with active compile tasks:
C2 CompilerThread0 327114 8198       4       org.gradle.api.internal.tasks.compile.incremental.compilerapi.deps.DependentSetSerializer::read (198 bytes)
C1 CompilerThread0 327114 8221       3       org.gradle.api.internal.tasks.compile.incremental.deps.ClassSetAnalysisData$Serializer::read (230 bytes)
C2 CompilerThread1 327114 8199       4       org.gradle.api.internal.tasks.compile.incremental.serialization.HierarchicalNameSerializer::readName (51 bytes)
C2 CompilerThread2 327114 8055       4       org.gradle.internal.serialize.kryo.StringDeduplicatingKryoBackedEncoder::writeNullableString (114 bytes)

VM state:at safepoint (normal execution)

VM Mutex/Monitor currently owned by a thread:  ([mutex/lock_event])
[0x000002ed3e008270] Threads_lock - owner thread: 0x000002ed586d4000
[0x000002ed3e009aa0] Heap_lock - owner thread: 0x000002ed5edd9000

Heap address: 0x00000000e0000000, size: 512 MB, Compressed Oops mode: 32-bit
Narrow klass base: 0x0000000000000000, Narrow klass shift: 3
Compressed class space size: 260046848 Address: 0x0000000100000000

Heap:
 garbage-first heap   total 262144K, used 175696K [0x00000000e0000000, 0x0000000100000000)
  region size 1024K, 138 young (141312K), 9 survivors (9216K)
 Metaspace       used 66128K, capacity 68537K, committed 68736K, reserved 313344K
  class space    used 8642K, capacity 9496K, committed 9600K, reserved 253952K
Heap Regions: E=young(eden), S=young(survivor), O=old, HS=humongous(starts), HC=humongous(continues), CS=collection set, F=free, A=archive, TAMS=top-at-mark-start (previous, next)
|   0|0x00000000e0000000, 0x00000000e0100000, 0x00000000e0100000|100%| O|  |TAMS 0x00000000e0100000, 0x00000000e0100000| Untracked 
|   1|0x00000000e0100000, 0x00000000e0200000, 0x00000000e0200000|100%| O|  |TAMS 0x00000000e0200000, 0x00000000e0200000| Untracked 
|   2|0x00000000e0200000, 0x00000000e0300000, 0x00000000e0300000|100%| O|  |TAMS 0x00000000e0300000, 0x00000000e0300000| Untracked 
|   3|0x00000000e0300000, 0x00000000e0400000, 0x00000000e0400000|100%|HS|  |TAMS 0x00000000e0400000, 0x00000000e0400000| Complete 
|   4|0x00000000e0400000, 0x00000000e0500000, 0x00000000e0500000|100%|HC|  |TAMS 0x00000000e0500000, 0x00000000e0500000| Complete 
|   5|0x00000000e0500000, 0x00000000e0600000, 0x00000000e0600000|100%|HC|  |TAMS 0x00000000e0600000, 0x00000000e0600000| Complete 
|   6|0x00000000e0600000, 0x00000000e0700000, 0x00000000e0700000|100%| O|  |TAMS 0x00000000e0700000, 0x00000000e0700000| Untracked 
|   7|0x00000000e0700000, 0x00000000e0800000, 0x00000000e0800000|100%| O|  |TAMS 0x00000000e0800000, 0x00000000e0800000| Untracked 
|   8|0x00000000e0800000, 0x00000000e0900000, 0x00000000e0900000|100%| O|  |TAMS 0x00000000e0900000, 0x00000000e0900000| Untracked 
|   9|0x00000000e0900000, 0x00000000e0a00000, 0x00000000e0a00000|100%| O|  |TAMS 0x00000000e0a00000, 0x00000000e0a00000| Untracked 
|  10|0x00000000e0a00000, 0x00000000e0b00000, 0x00000000e0b00000|100%| O|  |TAMS 0x00000000e0b00000, 0x00000000e0b00000| Untracked 
|  11|0x00000000e0b00000, 0x00000000e0c00000, 0x00000000e0c00000|100%| O|  |TAMS 0x00000000e0c00000, 0x00000000e0c00000| Untracked 
|  12|0x00000000e0c00000, 0x00000000e0d00000, 0x00000000e0d00000|100%| O|  |TAMS 0x00000000e0d00000, 0x00000000e0d00000| Untracked 
|  13|0x00000000e0d00000, 0x00000000e0e00000, 0x00000000e0e00000|100%| O|  |TAMS 0x00000000e0e00000, 0x00000000e0e00000| Untracked 
|  14|0x00000000e0e00000, 0x00000000e0f00000, 0x00000000e0f00000|100%| O|  |TAMS 0x00000000e0f00000, 0x00000000e0f00000| Untracked 
|  15|0x00000000e0f00000, 0x00000000e1000000, 0x00000000e1000000|100%| O|  |TAMS 0x00000000e1000000, 0x00000000e1000000| Untracked 
|  16|0x00000000e1000000, 0x00000000e1100000, 0x00000000e1100000|100%| O|  |TAMS 0x00000000e1100000, 0x00000000e1100000| Untracked 
|  17|0x00000000e1100000, 0x00000000e1200000, 0x00000000e1200000|100%| O|  |TAMS 0x00000000e1200000, 0x00000000e1200000| Untracked 
|  18|0x00000000e1200000, 0x00000000e1300000, 0x00000000e1300000|100%| O|  |TAMS 0x00000000e1300000, 0x00000000e1300000| Untracked 
|  19|0x00000000e1300000, 0x00000000e1400000, 0x00000000e1400000|100%| O|  |TAMS 0x00000000e1400000, 0x00000000e1400000| Untracked 
|  20|0x00000000e1400000, 0x00000000e1500000, 0x00000000e1500000|100%| O|  |TAMS 0x00000000e1500000, 0x00000000e1500000| Untracked 
|  21|0x00000000e1500000, 0x00000000e1600000, 0x00000000e1600000|100%| O|  |TAMS 0x00000000e1600000, 0x00000000e1600000| Untracked 
|  22|0x00000000e1600000, 0x00000000e1700000, 0x00000000e1700000|100%| O|  |TAMS 0x00000000e1700000, 0x00000000e1700000| Untracked 
|  23|0x00000000e1700000, 0x00000000e1800000, 0x00000000e1800000|100%| O|  |TAMS 0x00000000e1800000, 0x00000000e1800000| Untracked 
|  24|0x00000000e1800000, 0x00000000e1900000, 0x00000000e1900000|100%| O|  |TAMS 0x00000000e1900000, 0x00000000e1900000| Untracked 
|  25|0x00000000e1900000, 0x00000000e1a00000, 0x00000000e1a00000|100%| O|  |TAMS 0x00000000e1a00000, 0x00000000e1a00000| Untracked 
|  26|0x00000000e1a00000, 0x00000000e1b00000, 0x00000000e1b00000|100%| O|  |TAMS 0x00000000e1b00000, 0x00000000e1b00000| Untracked 
|  27|0x00000000e1b00000, 0x00000000e1c00000, 0x00000000e1c00000|100%| O|  |TAMS 0x00000000e1c00000, 0x00000000e1c00000| Untracked 
|  28|0x00000000e1c00000, 0x00000000e1d00000, 0x00000000e1d00000|100%| O|  |TAMS 0x00000000e1c96200, 0x00000000e1d00000| Untracked 
|  29|0x00000000e1d00000, 0x00000000e1e00000, 0x00000000e1e00000|100%| O|  |TAMS 0x00000000e1d00000, 0x00000000e1e00000| Untracked 
|  30|0x00000000e1e00000, 0x00000000e1f00000, 0x00000000e1f00000|100%| O|  |TAMS 0x00000000e1e00000, 0x00000000e1f00000| Untracked 
|  31|0x00000000e1f00000, 0x00000000e2000000, 0x00000000e2000000|100%| O|  |TAMS 0x00000000e1f00000, 0x00000000e2000000| Untracked 
|  32|0x00000000e2000000, 0x00000000e2100000, 0x00000000e2100000|100%| O|  |TAMS 0x00000000e2000000, 0x00000000e2100000| Untracked 
|  33|0x00000000e2100000, 0x00000000e2200000, 0x00000000e2200000|100%| O|  |TAMS 0x00000000e2100000, 0x00000000e2200000| Untracked 
|  34|0x00000000e2200000, 0x00000000e2300000, 0x00000000e2300000|100%| O|  |TAMS 0x00000000e2200000, 0x00000000e2300000| Untracked 
|  35|0x00000000e2300000, 0x00000000e2400000, 0x00000000e2400000|100%| O|  |TAMS 0x00000000e2300000, 0x00000000e2400000| Untracked 
|  36|0x00000000e2400000, 0x00000000e2400000, 0x00000000e2500000|  0%| F|  |TAMS 0x00000000e2400000, 0x00000000e2400000| Untracked 
|  37|0x00000000e2500000, 0x00000000e2500000, 0x00000000e2600000|  0%| F|  |TAMS 0x00000000e2500000, 0x00000000e2500000| Untracked 
|  38|0x00000000e2600000, 0x00000000e2600000, 0x00000000e2700000|  0%| F|  |TAMS 0x00000000e2600000, 0x00000000e2600000| Untracked 
|  39|0x00000000e2700000, 0x00000000e2700000, 0x00000000e2800000|  0%| F|  |TAMS 0x00000000e2700000, 0x00000000e2700000| Untracked 
|  40|0x00000000e2800000, 0x00000000e2800000, 0x00000000e2900000|  0%| F|  |TAMS 0x00000000e2800000, 0x00000000e2800000| Untracked 
|  41|0x00000000e2900000, 0x00000000e2900000, 0x00000000e2a00000|  0%| F|  |TAMS 0x00000000e2900000, 0x00000000e2900000| Untracked 
|  42|0x00000000e2a00000, 0x00000000e2a00000, 0x00000000e2b00000|  0%| F|  |TAMS 0x00000000e2a00000, 0x00000000e2a00000| Untracked 
|  43|0x00000000e2b00000, 0x00000000e2b00000, 0x00000000e2c00000|  0%| F|  |TAMS 0x00000000e2b00000, 0x00000000e2b00000| Untracked 
|  44|0x00000000e2c00000, 0x00000000e2c00000, 0x00000000e2d00000|  0%| F|  |TAMS 0x00000000e2c00000, 0x00000000e2c00000| Untracked 
|  45|0x00000000e2d00000, 0x00000000e2d00000, 0x00000000e2e00000|  0%| F|  |TAMS 0x00000000e2d00000, 0x00000000e2d00000| Untracked 
|  46|0x00000000e2e00000, 0x00000000e2e00000, 0x00000000e2f00000|  0%| F|  |TAMS 0x00000000e2e00000, 0x00000000e2e00000| Untracked 
|  47|0x00000000e2f00000, 0x00000000e2f00000, 0x00000000e3000000|  0%| F|  |TAMS 0x00000000e2f00000, 0x00000000e2f00000| Untracked 
|  48|0x00000000e3000000, 0x00000000e3000000, 0x00000000e3100000|  0%| F|  |TAMS 0x00000000e3000000, 0x00000000e3000000| Untracked 
|  49|0x00000000e3100000, 0x00000000e3100000, 0x00000000e3200000|  0%| F|  |TAMS 0x00000000e3100000, 0x00000000e3100000| Untracked 
|  50|0x00000000e3200000, 0x00000000e3200000, 0x00000000e3300000|  0%| F|  |TAMS 0x00000000e3200000, 0x00000000e3200000| Untracked 
|  51|0x00000000e3300000, 0x00000000e3300000, 0x00000000e3400000|  0%| F|  |TAMS 0x00000000e3300000, 0x00000000e3300000| Untracked 
|  52|0x00000000e3400000, 0x00000000e3400000, 0x00000000e3500000|  0%| F|  |TAMS 0x00000000e3400000, 0x00000000e3400000| Untracked 
|  53|0x00000000e3500000, 0x00000000e3500000, 0x00000000e3600000|  0%| F|  |TAMS 0x00000000e3500000, 0x00000000e3500000| Untracked 
|  54|0x00000000e3600000, 0x00000000e3600000, 0x00000000e3700000|  0%| F|  |TAMS 0x00000000e3600000, 0x00000000e3600000| Untracked 
|  55|0x00000000e3700000, 0x00000000e3700000, 0x00000000e3800000|  0%| F|  |TAMS 0x00000000e3700000, 0x00000000e3700000| Untracked 
|  56|0x00000000e3800000, 0x00000000e3800000, 0x00000000e3900000|  0%| F|  |TAMS 0x00000000e3800000, 0x00000000e3800000| Untracked 
|  57|0x00000000e3900000, 0x00000000e3900000, 0x00000000e3a00000|  0%| F|  |TAMS 0x00000000e3900000, 0x00000000e3900000| Untracked 
|  58|0x00000000e3a00000, 0x00000000e3a00000, 0x00000000e3b00000|  0%| F|  |TAMS 0x00000000e3a00000, 0x00000000e3a00000| Untracked 
|  59|0x00000000e3b00000, 0x00000000e3b00000, 0x00000000e3c00000|  0%| F|  |TAMS 0x00000000e3b00000, 0x00000000e3b00000| Untracked 
|  60|0x00000000e3c00000, 0x00000000e3c00000, 0x00000000e3d00000|  0%| F|  |TAMS 0x00000000e3c00000, 0x00000000e3c00000| Untracked 
|  61|0x00000000e3d00000, 0x00000000e3d00000, 0x00000000e3e00000|  0%| F|  |TAMS 0x00000000e3d00000, 0x00000000e3d00000| Untracked 
|  62|0x00000000e3e00000, 0x00000000e3e00000, 0x00000000e3f00000|  0%| F|  |TAMS 0x00000000e3e00000, 0x00000000e3e00000| Untracked 
|  63|0x00000000e3f00000, 0x00000000e3f00000, 0x00000000e4000000|  0%| F|  |TAMS 0x00000000e3f00000, 0x00000000e3f00000| Untracked 
|  64|0x00000000e4000000, 0x00000000e4000000, 0x00000000e4100000|  0%| F|  |TAMS 0x00000000e4000000, 0x00000000e4000000| Untracked 
|  65|0x00000000e4100000, 0x00000000e4100000, 0x00000000e4200000|  0%| F|  |TAMS 0x00000000e4100000, 0x00000000e4100000| Untracked 
|  66|0x00000000e4200000, 0x00000000e4200000, 0x00000000e4300000|  0%| F|  |TAMS 0x00000000e4200000, 0x00000000e4200000| Untracked 
|  67|0x00000000e4300000, 0x00000000e4300000, 0x00000000e4400000|  0%| F|  |TAMS 0x00000000e4300000, 0x00000000e4300000| Untracked 
|  68|0x00000000e4400000, 0x00000000e4400000, 0x00000000e4500000|  0%| F|  |TAMS 0x00000000e4400000, 0x00000000e4400000| Untracked 
|  69|0x00000000e4500000, 0x00000000e4500000, 0x00000000e4600000|  0%| F|  |TAMS 0x00000000e4500000, 0x00000000e4500000| Untracked 
|  70|0x00000000e4600000, 0x00000000e4600000, 0x00000000e4700000|  0%| F|  |TAMS 0x00000000e4600000, 0x00000000e4600000| Untracked 
|  71|0x00000000e4700000, 0x00000000e4700000, 0x00000000e4800000|  0%| F|  |TAMS 0x00000000e4700000, 0x00000000e4700000| Untracked 
|  72|0x00000000e4800000, 0x00000000e4800000, 0x00000000e4900000|  0%| F|  |TAMS 0x00000000e4800000, 0x00000000e4800000| Untracked 
|  73|0x00000000e4900000, 0x00000000e4900000, 0x00000000e4a00000|  0%| F|  |TAMS 0x00000000e4900000, 0x00000000e4900000| Untracked 
|  74|0x00000000e4a00000, 0x00000000e4a00000, 0x00000000e4b00000|  0%| F|  |TAMS 0x00000000e4a00000, 0x00000000e4a00000| Untracked 
|  75|0x00000000e4b00000, 0x00000000e4b00000, 0x00000000e4c00000|  0%| F|  |TAMS 0x00000000e4b00000, 0x00000000e4b00000| Untracked 
|  76|0x00000000e4c00000, 0x00000000e4c00000, 0x00000000e4d00000|  0%| F|  |TAMS 0x00000000e4c00000, 0x00000000e4c00000| Untracked 
|  77|0x00000000e4d00000, 0x00000000e4d00000, 0x00000000e4e00000|  0%| F|  |TAMS 0x00000000e4d00000, 0x00000000e4d00000| Untracked 
|  78|0x00000000e4e00000, 0x00000000e4e00000, 0x00000000e4f00000|  0%| F|  |TAMS 0x00000000e4e00000, 0x00000000e4e00000| Untracked 
|  79|0x00000000e4f00000, 0x00000000e4f00000, 0x00000000e5000000|  0%| F|  |TAMS 0x00000000e4f00000, 0x00000000e4f00000| Untracked 
|  80|0x00000000e5000000, 0x00000000e5000000, 0x00000000e5100000|  0%| F|  |TAMS 0x00000000e5000000, 0x00000000e5000000| Untracked 
|  81|0x00000000e5100000, 0x00000000e5100000, 0x00000000e5200000|  0%| F|  |TAMS 0x00000000e5100000, 0x00000000e5100000| Untracked 
|  82|0x00000000e5200000, 0x00000000e5200000, 0x00000000e5300000|  0%| F|  |TAMS 0x00000000e5200000, 0x00000000e5200000| Untracked 
|  83|0x00000000e5300000, 0x00000000e5300000, 0x00000000e5400000|  0%| F|  |TAMS 0x00000000e5300000, 0x00000000e5300000| Untracked 
|  84|0x00000000e5400000, 0x00000000e5400000, 0x00000000e5500000|  0%| F|  |TAMS 0x00000000e5400000, 0x00000000e5400000| Untracked 
|  85|0x00000000e5500000, 0x00000000e5500000, 0x00000000e5600000|  0%| F|  |TAMS 0x00000000e5500000, 0x00000000e5500000| Untracked 
|  86|0x00000000e5600000, 0x00000000e5600000, 0x00000000e5700000|  0%| F|  |TAMS 0x00000000e5600000, 0x00000000e5600000| Untracked 
|  87|0x00000000e5700000, 0x00000000e5700000, 0x00000000e5800000|  0%| F|  |TAMS 0x00000000e5700000, 0x00000000e5700000| Untracked 
|  88|0x00000000e5800000, 0x00000000e5800000, 0x00000000e5900000|  0%| F|  |TAMS 0x00000000e5800000, 0x00000000e5800000| Untracked 
|  89|0x00000000e5900000, 0x00000000e5900000, 0x00000000e5a00000|  0%| F|  |TAMS 0x00000000e5900000, 0x00000000e5900000| Untracked 
|  90|0x00000000e5a00000, 0x00000000e5a00000, 0x00000000e5b00000|  0%| F|  |TAMS 0x00000000e5a00000, 0x00000000e5a00000| Untracked 
|  91|0x00000000e5b00000, 0x00000000e5b00000, 0x00000000e5c00000|  0%| F|  |TAMS 0x00000000e5b00000, 0x00000000e5b00000| Untracked 
|  92|0x00000000e5c00000, 0x00000000e5c00000, 0x00000000e5d00000|  0%| F|  |TAMS 0x00000000e5c00000, 0x00000000e5c00000| Untracked 
|  93|0x00000000e5d00000, 0x00000000e5d00000, 0x00000000e5e00000|  0%| F|  |TAMS 0x00000000e5d00000, 0x00000000e5d00000| Untracked 
|  94|0x00000000e5e00000, 0x00000000e5e00000, 0x00000000e5f00000|  0%| F|  |TAMS 0x00000000e5e00000, 0x00000000e5e00000| Untracked 
|  95|0x00000000e5f00000, 0x00000000e5f00000, 0x00000000e6000000|  0%| F|  |TAMS 0x00000000e5f00000, 0x00000000e5f00000| Untracked 
|  96|0x00000000e6000000, 0x00000000e6000000, 0x00000000e6100000|  0%| F|  |TAMS 0x00000000e6000000, 0x00000000e6000000| Untracked 
|  97|0x00000000e6100000, 0x00000000e6100000, 0x00000000e6200000|  0%| F|  |TAMS 0x00000000e6100000, 0x00000000e6100000| Untracked 
|  98|0x00000000e6200000, 0x00000000e6200000, 0x00000000e6300000|  0%| F|  |TAMS 0x00000000e6200000, 0x00000000e6200000| Untracked 
|  99|0x00000000e6300000, 0x00000000e6300000, 0x00000000e6400000|  0%| F|  |TAMS 0x00000000e6300000, 0x00000000e6300000| Untracked 
| 100|0x00000000e6400000, 0x00000000e6400000, 0x00000000e6500000|  0%| F|  |TAMS 0x00000000e6400000, 0x00000000e6400000| Untracked 
| 101|0x00000000e6500000, 0x00000000e6600000, 0x00000000e6600000|100%| S|  |TAMS 0x00000000e6500000, 0x00000000e6500000| Complete 
| 102|0x00000000e6600000, 0x00000000e6700000, 0x00000000e6700000|100%| S|  |TAMS 0x00000000e6600000, 0x00000000e6600000| Complete 
| 103|0x00000000e6700000, 0x00000000e6800000, 0x00000000e6800000|100%| S|  |TAMS 0x00000000e6700000, 0x00000000e6700000| Complete 
| 104|0x00000000e6800000, 0x00000000e6900000, 0x00000000e6900000|100%| S|  |TAMS 0x00000000e6800000, 0x00000000e6800000| Complete 
| 105|0x00000000e6900000, 0x00000000e6a00000, 0x00000000e6a00000|100%| S|  |TAMS 0x00000000e6900000, 0x00000000e6900000| Complete 
| 106|0x00000000e6a00000, 0x00000000e6b00000, 0x00000000e6b00000|100%| S|  |TAMS 0x00000000e6a00000, 0x00000000e6a00000| Complete 
| 107|0x00000000e6b00000, 0x00000000e6c00000, 0x00000000e6c00000|100%| S|  |TAMS 0x00000000e6b00000, 0x00000000e6b00000| Complete 
| 108|0x00000000e6c00000, 0x00000000e6d00000, 0x00000000e6d00000|100%| S|  |TAMS 0x00000000e6c00000, 0x00000000e6c00000| Complete 
| 109|0x00000000e6d00000, 0x00000000e6e00000, 0x00000000e6e00000|100%| S|  |TAMS 0x00000000e6d00000, 0x00000000e6d00000| Complete 
| 110|0x00000000e6e00000, 0x00000000e6f00000, 0x00000000e6f00000|100%| S|  |TAMS 0x00000000e6e00000, 0x00000000e6e00000| Complete 
| 111|0x00000000e6f00000, 0x00000000e7000000, 0x00000000e7000000|100%| S|  |TAMS 0x00000000e6f00000, 0x00000000e6f00000| Complete 
| 112|0x00000000e7000000, 0x00000000e7100000, 0x00000000e7100000|100%| S|  |TAMS 0x00000000e7000000, 0x00000000e7000000| Complete 
| 113|0x00000000e7100000, 0x00000000e71fe0f0, 0x00000000e7200000| 99%| E|CS|TAMS 0x00000000e7100000, 0x00000000e71fe0f0| Complete 
| 114|0x00000000e7200000, 0x00000000e7300000, 0x00000000e7300000|100%| E|CS|TAMS 0x00000000e7200000, 0x00000000e7300000| Complete 
| 115|0x00000000e7300000, 0x00000000e7400000, 0x00000000e7400000|100%| E|CS|TAMS 0x00000000e7300000, 0x00000000e7400000| Complete 
| 116|0x00000000e7400000, 0x00000000e7500000, 0x00000000e7500000|100%| E|CS|TAMS 0x00000000e7400000, 0x00000000e7500000| Complete 
| 117|0x00000000e7500000, 0x00000000e7600000, 0x00000000e7600000|100%| E|CS|TAMS 0x00000000e7500000, 0x00000000e7600000| Complete 
| 118|0x00000000e7600000, 0x00000000e7700000, 0x00000000e7700000|100%| E|CS|TAMS 0x00000000e7600000, 0x00000000e7700000| Complete 
| 119|0x00000000e7700000, 0x00000000e7800000, 0x00000000e7800000|100%| E|CS|TAMS 0x00000000e7700000, 0x00000000e7800000| Complete 
| 120|0x00000000e7800000, 0x00000000e7900000, 0x00000000e7900000|100%| E|CS|TAMS 0x00000000e7800000, 0x00000000e7900000| Complete 
| 121|0x00000000e7900000, 0x00000000e7a00000, 0x00000000e7a00000|100%| E|CS|TAMS 0x00000000e7900000, 0x00000000e7a00000| Complete 
| 122|0x00000000e7a00000, 0x00000000e7b00000, 0x00000000e7b00000|100%| E|CS|TAMS 0x00000000e7a00000, 0x00000000e7b00000| Complete 
| 123|0x00000000e7b00000, 0x00000000e7c00000, 0x00000000e7c00000|100%| E|CS|TAMS 0x00000000e7b00000, 0x00000000e7c00000| Complete 
| 124|0x00000000e7c00000, 0x00000000e7d00000, 0x00000000e7d00000|100%| E|CS|TAMS 0x00000000e7c00000, 0x00000000e7d00000| Complete 
| 125|0x00000000e7d00000, 0x00000000e7e00000, 0x00000000e7e00000|100%| E|CS|TAMS 0x00000000e7d00000, 0x00000000e7e00000| Complete 
| 126|0x00000000e7e00000, 0x00000000e7f00000, 0x00000000e7f00000|100%| E|CS|TAMS 0x00000000e7e00000, 0x00000000e7f00000| Complete 
| 127|0x00000000e7f00000, 0x00000000e8000000, 0x00000000e8000000|100%| E|CS|TAMS 0x00000000e7f00000, 0x00000000e8000000| Complete 
| 128|0x00000000e8000000, 0x00000000e8100000, 0x00000000e8100000|100%| E|CS|TAMS 0x00000000e8000000, 0x00000000e8100000| Complete 
| 129|0x00000000e8100000, 0x00000000e8200000, 0x00000000e8200000|100%| E|CS|TAMS 0x00000000e8100000, 0x00000000e8200000| Complete 
| 130|0x00000000e8200000, 0x00000000e8300000, 0x00000000e8300000|100%| E|CS|TAMS 0x00000000e8200000, 0x00000000e8300000| Complete 
| 131|0x00000000e8300000, 0x00000000e8400000, 0x00000000e8400000|100%| E|CS|TAMS 0x00000000e8300000, 0x00000000e8400000| Complete 
| 132|0x00000000e8400000, 0x00000000e8500000, 0x00000000e8500000|100%| E|CS|TAMS 0x00000000e8400000, 0x00000000e8500000| Complete 
| 133|0x00000000e8500000, 0x00000000e8600000, 0x00000000e8600000|100%| E|CS|TAMS 0x00000000e8500000, 0x00000000e8600000| Complete 
| 134|0x00000000e8600000, 0x00000000e8700000, 0x00000000e8700000|100%| E|CS|TAMS 0x00000000e8600000, 0x00000000e8700000| Complete 
| 135|0x00000000e8700000, 0x00000000e8800000, 0x00000000e8800000|100%| E|CS|TAMS 0x00000000e8700000, 0x00000000e8800000| Complete 
| 136|0x00000000e8800000, 0x00000000e8900000, 0x00000000e8900000|  0%| F|  |TAMS 0x00000000e8800000, 0x00000000e8800000| Untracked 
| 137|0x00000000e8900000, 0x00000000e8900000, 0x00000000e8a00000|  0%| F|  |TAMS 0x00000000e8900000, 0x00000000e8900000| Untracked 
| 138|0x00000000e8a00000, 0x00000000e8a00000, 0x00000000e8b00000|  0%| F|  |TAMS 0x00000000e8a00000, 0x00000000e8a00000| Untracked 
| 139|0x00000000e8b00000, 0x00000000e8b00000, 0x00000000e8c00000|  0%| F|  |TAMS 0x00000000e8b00000, 0x00000000e8b00000| Untracked 
| 140|0x00000000e8c00000, 0x00000000e8c00000, 0x00000000e8d00000|  0%| F|  |TAMS 0x00000000e8c00000, 0x00000000e8c00000| Untracked 
| 141|0x00000000e8d00000, 0x00000000e8d00000, 0x00000000e8e00000|  0%| F|  |TAMS 0x00000000e8d00000, 0x00000000e8d00000| Untracked 
| 142|0x00000000e8e00000, 0x00000000e8e00000, 0x00000000e8f00000|  0%| F|  |TAMS 0x00000000e8e00000, 0x00000000e8e00000| Untracked 
| 143|0x00000000e8f00000, 0x00000000e8f00000, 0x00000000e9000000|  0%| F|  |TAMS 0x00000000e8f00000, 0x00000000e8f00000| Untracked 
| 144|0x00000000e9000000, 0x00000000e9000000, 0x00000000e9100000|  0%| F|  |TAMS 0x00000000e9000000, 0x00000000e9000000| Untracked 
| 145|0x00000000e9100000, 0x00000000e9100000, 0x00000000e9200000|  0%| F|  |TAMS 0x00000000e9100000, 0x00000000e9100000| Untracked 
| 146|0x00000000e9200000, 0x00000000e9200000, 0x00000000e9300000|  0%| F|  |TAMS 0x00000000e9200000, 0x00000000e9200000| Untracked 
| 147|0x00000000e9300000, 0x00000000e9300000, 0x00000000e9400000|  0%| F|  |TAMS 0x00000000e9300000, 0x00000000e9300000| Untracked 
| 148|0x00000000e9400000, 0x00000000e9400000, 0x00000000e9500000|  0%| F|  |TAMS 0x00000000e9400000, 0x00000000e9400000| Untracked 
| 149|0x00000000e9500000, 0x00000000e9500000, 0x00000000e9600000|  0%| F|  |TAMS 0x00000000e9500000, 0x00000000e9500000| Untracked 
| 150|0x00000000e9600000, 0x00000000e9600000, 0x00000000e9700000|  0%| F|  |TAMS 0x00000000e9600000, 0x00000000e9600000| Untracked 
| 151|0x00000000e9700000, 0x00000000e9700000, 0x00000000e9800000|  0%| F|  |TAMS 0x00000000e9700000, 0x00000000e9700000| Untracked 
| 152|0x00000000e9800000, 0x00000000e9800000, 0x00000000e9900000|  0%| F|  |TAMS 0x00000000e9800000, 0x00000000e9800000| Untracked 
| 153|0x00000000e9900000, 0x00000000e9900000, 0x00000000e9a00000|  0%| F|  |TAMS 0x00000000e9900000, 0x00000000e9900000| Untracked 
| 154|0x00000000e9a00000, 0x00000000e9a00000, 0x00000000e9b00000|  0%| F|  |TAMS 0x00000000e9a00000, 0x00000000e9a00000| Untracked 
| 155|0x00000000e9b00000, 0x00000000e9b00000, 0x00000000e9c00000|  0%| F|  |TAMS 0x00000000e9b00000, 0x00000000e9b00000| Untracked 
| 156|0x00000000e9c00000, 0x00000000e9c00000, 0x00000000e9d00000|  0%| F|  |TAMS 0x00000000e9c00000, 0x00000000e9c00000| Untracked 
| 157|0x00000000e9d00000, 0x00000000e9d00000, 0x00000000e9e00000|  0%| F|  |TAMS 0x00000000e9d00000, 0x00000000e9d00000| Untracked 
| 158|0x00000000e9e00000, 0x00000000e9e00000, 0x00000000e9f00000|  0%| F|  |TAMS 0x00000000e9e00000, 0x00000000e9e00000| Untracked 
| 159|0x00000000e9f00000, 0x00000000e9f00000, 0x00000000ea000000|  0%| F|  |TAMS 0x00000000e9f00000, 0x00000000e9f00000| Untracked 
| 160|0x00000000ea000000, 0x00000000ea000000, 0x00000000ea100000|  0%| F|  |TAMS 0x00000000ea000000, 0x00000000ea000000| Untracked 
| 161|0x00000000ea100000, 0x00000000ea100000, 0x00000000ea200000|  0%| F|  |TAMS 0x00000000ea100000, 0x00000000ea100000| Untracked 
| 162|0x00000000ea200000, 0x00000000ea200000, 0x00000000ea300000|  0%| F|  |TAMS 0x00000000ea200000, 0x00000000ea200000| Untracked 
| 163|0x00000000ea300000, 0x00000000ea300000, 0x00000000ea400000|  0%| F|  |TAMS 0x00000000ea300000, 0x00000000ea300000| Untracked 
| 164|0x00000000ea400000, 0x00000000ea400000, 0x00000000ea500000|  0%| F|  |TAMS 0x00000000ea400000, 0x00000000ea400000| Untracked 
| 165|0x00000000ea500000, 0x00000000ea500000, 0x00000000ea600000|  0%| F|  |TAMS 0x00000000ea500000, 0x00000000ea500000| Untracked 
| 166|0x00000000ea600000, 0x00000000ea600000, 0x00000000ea700000|  0%| F|  |TAMS 0x00000000ea600000, 0x00000000ea600000| Untracked 
| 167|0x00000000ea700000, 0x00000000ea700000, 0x00000000ea800000|  0%| F|  |TAMS 0x00000000ea700000, 0x00000000ea700000| Untracked 
| 168|0x00000000ea800000, 0x00000000ea800000, 0x00000000ea900000|  0%| F|  |TAMS 0x00000000ea800000, 0x00000000ea800000| Untracked 
| 169|0x00000000ea900000, 0x00000000ea900000, 0x00000000eaa00000|  0%| F|  |TAMS 0x00000000ea900000, 0x00000000ea900000| Untracked 
| 170|0x00000000eaa00000, 0x00000000eaa00000, 0x00000000eab00000|  0%| F|  |TAMS 0x00000000eaa00000, 0x00000000eaa00000| Untracked 
| 171|0x00000000eab00000, 0x00000000eab00000, 0x00000000eac00000|  0%| F|  |TAMS 0x00000000eab00000, 0x00000000eab00000| Untracked 
| 172|0x00000000eac00000, 0x00000000eac00000, 0x00000000ead00000|  0%| F|  |TAMS 0x00000000eac00000, 0x00000000eac00000| Untracked 
| 173|0x00000000ead00000, 0x00000000ead00000, 0x00000000eae00000|  0%| F|  |TAMS 0x00000000ead00000, 0x00000000ead00000| Untracked 
| 174|0x00000000eae00000, 0x00000000eae00000, 0x00000000eaf00000|  0%| F|  |TAMS 0x00000000eae00000, 0x00000000eae00000| Untracked 
| 175|0x00000000eaf00000, 0x00000000eaf00000, 0x00000000eb000000|  0%| F|  |TAMS 0x00000000eaf00000, 0x00000000eaf00000| Untracked 
| 176|0x00000000eb000000, 0x00000000eb000000, 0x00000000eb100000|  0%| F|  |TAMS 0x00000000eb000000, 0x00000000eb000000| Untracked 
| 177|0x00000000eb100000, 0x00000000eb100000, 0x00000000eb200000|  0%| F|  |TAMS 0x00000000eb100000, 0x00000000eb100000| Untracked 
| 178|0x00000000eb200000, 0x00000000eb200000, 0x00000000eb300000|  0%| F|  |TAMS 0x00000000eb200000, 0x00000000eb200000| Untracked 
| 179|0x00000000eb300000, 0x00000000eb300000, 0x00000000eb400000|  0%| F|  |TAMS 0x00000000eb300000, 0x00000000eb300000| Untracked 
| 180|0x00000000eb400000, 0x00000000eb400000, 0x00000000eb500000|  0%| F|  |TAMS 0x00000000eb400000, 0x00000000eb400000| Untracked 
| 181|0x00000000eb500000, 0x00000000eb500000, 0x00000000eb600000|  0%| F|  |TAMS 0x00000000eb500000, 0x00000000eb500000| Untracked 
| 182|0x00000000eb600000, 0x00000000eb600000, 0x00000000eb700000|  0%| F|  |TAMS 0x00000000eb600000, 0x00000000eb600000| Untracked 
| 183|0x00000000eb700000, 0x00000000eb700000, 0x00000000eb800000|  0%| F|  |TAMS 0x00000000eb700000, 0x00000000eb700000| Untracked 
| 184|0x00000000eb800000, 0x00000000eb800000, 0x00000000eb900000|  0%| F|  |TAMS 0x00000000eb800000, 0x00000000eb800000| Untracked 
| 185|0x00000000eb900000, 0x00000000eb900000, 0x00000000eba00000|  0%| F|  |TAMS 0x00000000eb900000, 0x00000000eb900000| Untracked 
| 186|0x00000000eba00000, 0x00000000eba00000, 0x00000000ebb00000|  0%| F|  |TAMS 0x00000000eba00000, 0x00000000eba00000| Untracked 
| 187|0x00000000ebb00000, 0x00000000ebb00000, 0x00000000ebc00000|  0%| F|  |TAMS 0x00000000ebb00000, 0x00000000ebb00000| Untracked 
| 188|0x00000000ebc00000, 0x00000000ebc00000, 0x00000000ebd00000|  0%| F|  |TAMS 0x00000000ebc00000, 0x00000000ebc00000| Untracked 
| 189|0x00000000ebd00000, 0x00000000ebd00000, 0x00000000ebe00000|  0%| F|  |TAMS 0x00000000ebd00000, 0x00000000ebd00000| Untracked 
| 190|0x00000000ebe00000, 0x00000000ebe00000, 0x00000000ebf00000|  0%| F|  |TAMS 0x00000000ebe00000, 0x00000000ebe00000| Untracked 
| 191|0x00000000ebf00000, 0x00000000ebf00000, 0x00000000ec000000|  0%| F|  |TAMS 0x00000000ebf00000, 0x00000000ebf00000| Untracked 
| 192|0x00000000ec000000, 0x00000000ec000000, 0x00000000ec100000|  0%| F|  |TAMS 0x00000000ec000000, 0x00000000ec000000| Untracked 
| 193|0x00000000ec100000, 0x00000000ec100000, 0x00000000ec200000|  0%| F|  |TAMS 0x00000000ec100000, 0x00000000ec100000| Untracked 
| 194|0x00000000ec200000, 0x00000000ec200000, 0x00000000ec300000|  0%| F|  |TAMS 0x00000000ec200000, 0x00000000ec200000| Untracked 
| 195|0x00000000ec300000, 0x00000000ec300000, 0x00000000ec400000|  0%| F|  |TAMS 0x00000000ec300000, 0x00000000ec300000| Untracked 
| 196|0x00000000ec400000, 0x00000000ec400000, 0x00000000ec500000|  0%| F|  |TAMS 0x00000000ec400000, 0x00000000ec400000| Untracked 
| 197|0x00000000ec500000, 0x00000000ec500000, 0x00000000ec600000|  0%| F|  |TAMS 0x00000000ec500000, 0x00000000ec500000| Untracked 
| 198|0x00000000ec600000, 0x00000000ec600000, 0x00000000ec700000|  0%| F|  |TAMS 0x00000000ec600000, 0x00000000ec600000| Untracked 
| 199|0x00000000ec700000, 0x00000000ec700000, 0x00000000ec800000|  0%| F|  |TAMS 0x00000000ec700000, 0x00000000ec700000| Untracked 
| 200|0x00000000ec800000, 0x00000000ec800000, 0x00000000ec900000|  0%| F|  |TAMS 0x00000000ec800000, 0x00000000ec800000| Untracked 
| 201|0x00000000ec900000, 0x00000000ec900000, 0x00000000eca00000|  0%| F|  |TAMS 0x00000000ec900000, 0x00000000ec900000| Untracked 
| 202|0x00000000eca00000, 0x00000000eca00000, 0x00000000ecb00000|  0%| F|  |TAMS 0x00000000eca00000, 0x00000000eca00000| Untracked 
| 203|0x00000000ecb00000, 0x00000000ecb00000, 0x00000000ecc00000|  0%| F|  |TAMS 0x00000000ecb00000, 0x00000000ecb00000| Untracked 
| 204|0x00000000ecc00000, 0x00000000ecc00000, 0x00000000ecd00000|  0%| F|  |TAMS 0x00000000ecc00000, 0x00000000ecc00000| Untracked 
| 205|0x00000000ecd00000, 0x00000000ecd00000, 0x00000000ece00000|  0%| F|  |TAMS 0x00000000ecd00000, 0x00000000ecd00000| Untracked 
| 206|0x00000000ece00000, 0x00000000ece00000, 0x00000000ecf00000|  0%| F|  |TAMS 0x00000000ece00000, 0x00000000ece00000| Untracked 
| 207|0x00000000ecf00000, 0x00000000ecf00000, 0x00000000ed000000|  0%| F|  |TAMS 0x00000000ecf00000, 0x00000000ecf00000| Untracked 
| 208|0x00000000ed000000, 0x00000000ed000000, 0x00000000ed100000|  0%| F|  |TAMS 0x00000000ed000000, 0x00000000ed000000| Untracked 
| 209|0x00000000ed100000, 0x00000000ed100000, 0x00000000ed200000|  0%| F|  |TAMS 0x00000000ed100000, 0x00000000ed100000| Untracked 
| 210|0x00000000ed200000, 0x00000000ed200000, 0x00000000ed300000|  0%| F|  |TAMS 0x00000000ed200000, 0x00000000ed200000| Untracked 
| 211|0x00000000ed300000, 0x00000000ed300000, 0x00000000ed400000|  0%| F|  |TAMS 0x00000000ed300000, 0x00000000ed300000| Untracked 
| 212|0x00000000ed400000, 0x00000000ed400000, 0x00000000ed500000|  0%| F|  |TAMS 0x00000000ed400000, 0x00000000ed400000| Untracked 
| 213|0x00000000ed500000, 0x00000000ed500000, 0x00000000ed600000|  0%| F|  |TAMS 0x00000000ed500000, 0x00000000ed500000| Untracked 
| 214|0x00000000ed600000, 0x00000000ed600000, 0x00000000ed700000|  0%| F|  |TAMS 0x00000000ed600000, 0x00000000ed600000| Untracked 
| 215|0x00000000ed700000, 0x00000000ed700000, 0x00000000ed800000|  0%| F|  |TAMS 0x00000000ed700000, 0x00000000ed700000| Untracked 
| 216|0x00000000ed800000, 0x00000000ed800000, 0x00000000ed900000|  0%| F|  |TAMS 0x00000000ed800000, 0x00000000ed800000| Untracked 
| 217|0x00000000ed900000, 0x00000000ed900000, 0x00000000eda00000|  0%| F|  |TAMS 0x00000000ed900000, 0x00000000ed900000| Untracked 
| 218|0x00000000eda00000, 0x00000000eda00000, 0x00000000edb00000|  0%| F|  |TAMS 0x00000000eda00000, 0x00000000eda00000| Untracked 
| 219|0x00000000edb00000, 0x00000000edb00000, 0x00000000edc00000|  0%| F|  |TAMS 0x00000000edb00000, 0x00000000edb00000| Untracked 
| 220|0x00000000edc00000, 0x00000000edc00000, 0x00000000edd00000|  0%| F|  |TAMS 0x00000000edc00000, 0x00000000edc00000| Untracked 
| 221|0x00000000edd00000, 0x00000000edd00000, 0x00000000ede00000|  0%| F|  |TAMS 0x00000000edd00000, 0x00000000edd00000| Untracked 
| 222|0x00000000ede00000, 0x00000000ede00000, 0x00000000edf00000|  0%| F|  |TAMS 0x00000000ede00000, 0x00000000ede00000| Untracked 
| 223|0x00000000edf00000, 0x00000000edf00000, 0x00000000ee000000|  0%| F|  |TAMS 0x00000000edf00000, 0x00000000edf00000| Untracked 
| 224|0x00000000ee000000, 0x00000000ee000000, 0x00000000ee100000|  0%| F|  |TAMS 0x00000000ee000000, 0x00000000ee000000| Untracked 
| 225|0x00000000ee100000, 0x00000000ee100000, 0x00000000ee200000|  0%| F|  |TAMS 0x00000000ee100000, 0x00000000ee100000| Untracked 
| 226|0x00000000ee200000, 0x00000000ee200000, 0x00000000ee300000|  0%| F|  |TAMS 0x00000000ee200000, 0x00000000ee200000| Untracked 
| 227|0x00000000ee300000, 0x00000000ee300000, 0x00000000ee400000|  0%| F|  |TAMS 0x00000000ee300000, 0x00000000ee300000| Untracked 
| 228|0x00000000ee400000, 0x00000000ee400000, 0x00000000ee500000|  0%| F|  |TAMS 0x00000000ee400000, 0x00000000ee400000| Untracked 
| 229|0x00000000ee500000, 0x00000000ee500000, 0x00000000ee600000|  0%| F|  |TAMS 0x00000000ee500000, 0x00000000ee500000| Untracked 
| 230|0x00000000ee600000, 0x00000000ee600000, 0x00000000ee700000|  0%| F|  |TAMS 0x00000000ee600000, 0x00000000ee600000| Untracked 
| 231|0x00000000ee700000, 0x00000000ee700000, 0x00000000ee800000|  0%| F|  |TAMS 0x00000000ee700000, 0x00000000ee700000| Untracked 
| 232|0x00000000ee800000, 0x00000000ee800000, 0x00000000ee900000|  0%| F|  |TAMS 0x00000000ee800000, 0x00000000ee800000| Untracked 
| 233|0x00000000ee900000, 0x00000000ee900000, 0x00000000eea00000|  0%| F|  |TAMS 0x00000000ee900000, 0x00000000ee900000| Untracked 
| 234|0x00000000eea00000, 0x00000000eea00000, 0x00000000eeb00000|  0%| F|  |TAMS 0x00000000eea00000, 0x00000000eea00000| Untracked 
| 235|0x00000000eeb00000, 0x00000000eeb00000, 0x00000000eec00000|  0%| F|  |TAMS 0x00000000eeb00000, 0x00000000eeb00000| Untracked 
| 236|0x00000000eec00000, 0x00000000eec00000, 0x00000000eed00000|  0%| F|  |TAMS 0x00000000eec00000, 0x00000000eec00000| Untracked 
| 237|0x00000000eed00000, 0x00000000eed00000, 0x00000000eee00000|  0%| F|  |TAMS 0x00000000eed00000, 0x00000000eed00000| Untracked 
| 238|0x00000000eee00000, 0x00000000eee00000, 0x00000000eef00000|  0%| F|  |TAMS 0x00000000eee00000, 0x00000000eee00000| Untracked 
| 239|0x00000000eef00000, 0x00000000eef00000, 0x00000000ef000000|  0%| F|  |TAMS 0x00000000eef00000, 0x00000000eef00000| Untracked 
| 240|0x00000000ef000000, 0x00000000ef000000, 0x00000000ef100000|  0%| F|  |TAMS 0x00000000ef000000, 0x00000000ef000000| Untracked 
| 241|0x00000000ef100000, 0x00000000ef100000, 0x00000000ef200000|  0%| F|  |TAMS 0x00000000ef100000, 0x00000000ef100000| Untracked 
| 242|0x00000000ef200000, 0x00000000ef200000, 0x00000000ef300000|  0%| F|  |TAMS 0x00000000ef200000, 0x00000000ef200000| Untracked 
| 243|0x00000000ef300000, 0x00000000ef300000, 0x00000000ef400000|  0%| F|  |TAMS 0x00000000ef300000, 0x00000000ef300000| Untracked 
| 244|0x00000000ef400000, 0x00000000ef400000, 0x00000000ef500000|  0%| F|  |TAMS 0x00000000ef400000, 0x00000000ef400000| Untracked 
| 245|0x00000000ef500000, 0x00000000ef500000, 0x00000000ef600000|  0%| F|  |TAMS 0x00000000ef500000, 0x00000000ef500000| Untracked 
| 246|0x00000000ef600000, 0x00000000ef600000, 0x00000000ef700000|  0%| F|  |TAMS 0x00000000ef600000, 0x00000000ef600000| Untracked 
| 247|0x00000000ef700000, 0x00000000ef700000, 0x00000000ef800000|  0%| F|  |TAMS 0x00000000ef700000, 0x00000000ef700000| Untracked 
| 248|0x00000000ef800000, 0x00000000ef800000, 0x00000000ef900000|  0%| F|  |TAMS 0x00000000ef800000, 0x00000000ef800000| Untracked 
| 249|0x00000000ef900000, 0x00000000ef900000, 0x00000000efa00000|  0%| F|  |TAMS 0x00000000ef900000, 0x00000000ef900000| Untracked 
| 250|0x00000000efa00000, 0x00000000efa00000, 0x00000000efb00000|  0%| F|  |TAMS 0x00000000efa00000, 0x00000000efa00000| Untracked 
| 251|0x00000000efb00000, 0x00000000efb00000, 0x00000000efc00000|  0%| F|  |TAMS 0x00000000efb00000, 0x00000000efb00000| Untracked 
| 252|0x00000000efc00000, 0x00000000efc00000, 0x00000000efd00000|  0%| F|  |TAMS 0x00000000efc00000, 0x00000000efc00000| Untracked 
| 253|0x00000000efd00000, 0x00000000efd00000, 0x00000000efe00000|  0%| F|  |TAMS 0x00000000efd00000, 0x00000000efd00000| Untracked 
| 254|0x00000000efe00000, 0x00000000efe00000, 0x00000000eff00000|  0%| F|  |TAMS 0x00000000efe00000, 0x00000000efe00000| Untracked 
| 255|0x00000000eff00000, 0x00000000eff96948, 0x00000000f0000000| 58%| E|  |TAMS 0x00000000eff00000, 0x00000000eff00000| Complete 

Card table byte_map: [0x000002ed54a70000,0x000002ed54b70000] _byte_map_base: 0x000002ed54370000

Marking Bits (Prev, Next): (CMBitMap*) 0x000002ed3e02e0d0, (CMBitMap*) 0x000002ed3e02e098
 Prev Bits: [0x000002ed55470000, 0x000002ed55c70000)
 Next Bits: [0x000002ed54c70000, 0x000002ed55470000)

Polling page: 0x000002ed3bfc0000

Metaspace:

Usage:
  Non-class:     57.66 MB capacity,    56.14 MB ( 97%) used,     1.30 MB (  2%) free+waste,   224.00 KB ( <1%) overhead. 
      Class:      9.27 MB capacity,     8.44 MB ( 91%) used,   742.95 KB (  8%) free+waste,   110.69 KB (  1%) overhead. 
       Both:     66.93 MB capacity,    64.58 MB ( 96%) used,     2.02 MB (  3%) free+waste,   334.69 KB ( <1%) overhead. 

Virtual space:
  Non-class space:       58.00 MB reserved,      57.75 MB (>99%) committed 
      Class space:      248.00 MB reserved,       9.38 MB (  4%) committed 
             Both:      306.00 MB reserved,      67.13 MB ( 22%) committed 

Chunk freelists:
   Non-Class:  3.75 KB
       Class:  1.00 KB
        Both:  4.75 KB

CodeHeap 'non-profiled nmethods': size=120000Kb used=4954Kb max_used=4954Kb free=115045Kb
 bounds [0x000002ed4d110000, 0x000002ed4d5f0000, 0x000002ed54640000]
CodeHeap 'profiled nmethods': size=120000Kb used=16947Kb max_used=16947Kb free=103052Kb
 bounds [0x000002ed45be0000, 0x000002ed46c70000, 0x000002ed4d110000]
CodeHeap 'non-nmethods': size=5760Kb used=2253Kb max_used=2301Kb free=3506Kb
 bounds [0x000002ed45640000, 0x000002ed458b0000, 0x000002ed45be0000]
 total_blobs=8972 nmethods=8128 adapters=755
 compilation: enabled
              stopped_count=0, restarted_count=0
 full_count=0

Compilation events (10 events):
Event: 327.049 Thread 0x000002ed58f61800 nmethod 8197 0x000002ed4d5e5a90 code [0x000002ed4d5e5ca0, 0x000002ed4d5e63f0]
Event: 327.049 Thread 0x000002ed58f61800 8198       4       org.gradle.api.internal.tasks.compile.incremental.compilerapi.deps.DependentSetSerializer::read (198 bytes)
Event: 327.052 Thread 0x000002ed58f64800 8201       3       java.io.File::toString (5 bytes)
Event: 327.052 Thread 0x000002ed58f64800 nmethod 8201 0x000002ed46c5e990 code [0x000002ed46c5eb20, 0x000002ed46c5ec38]
Event: 327.052 Thread 0x000002ed58f64800 8203       3       sun.security.provider.DigestBase::engineUpdate (189 bytes)
Event: 327.053 Thread 0x000002ed58f64800 nmethod 8203 0x000002ed46c5ed10 code [0x000002ed46c5ef80, 0x000002ed46c5fc18]
Event: 327.057 Thread 0x000002ed58f64800 8206       3       org.gradle.internal.serialize.AbstractSerializer::<init> (5 bytes)
Event: 327.057 Thread 0x000002ed58f64800 nmethod 8206 0x000002ed46c5ff90 code [0x000002ed46c60120, 0x000002ed46c60278]
Event: 327.059 Thread 0x000002ed58f64800 8207       3       com.google.common.collect.ImmutableMap::builderWithExpectedSize (16 bytes)
Event: 327.059 Thread 0x000002ed58f64800 nmethod 8207 0x000002ed46c60310 code [0x000002ed46c604c0, 0x000002ed46c607e8]

GC Heap History (10 events):
Event: 3.227 GC heap before
{Heap before GC invocations=3 (full 0):
 garbage-first heap   total 262144K, used 86235K [0x00000000e0000000, 0x0000000100000000)
  region size 1024K, 79 young (80896K), 11 survivors (11264K)
 Metaspace       used 27032K, capacity 27745K, committed 28032K, reserved 278528K
  class space    used 3581K, capacity 3844K, committed 3968K, reserved 253952K
}
Event: 3.237 GC heap after
{Heap after GC invocations=4 (full 0):
 garbage-first heap   total 262144K, used 19701K [0x00000000e0000000, 0x0000000100000000)
  region size 1024K, 3 young (3072K), 3 survivors (3072K)
 Metaspace       used 27032K, capacity 27745K, committed 28032K, reserved 278528K
  class space    used 3581K, capacity 3844K, committed 3968K, reserved 253952K
}
Event: 3.881 GC heap before
{Heap before GC invocations=4 (full 0):
 garbage-first heap   total 262144K, used 63733K [0x00000000e0000000, 0x0000000100000000)
  region size 1024K, 47 young (48128K), 3 survivors (3072K)
 Metaspace       used 34948K, capacity 35746K, committed 35840K, reserved 286720K
  class space    used 4562K, capacity 4899K, committed 4992K, reserved 253952K
}
Event: 3.887 GC heap after
{Heap after GC invocations=5 (full 0):
 garbage-first heap   total 262144K, used 22933K [0x00000000e0000000, 0x0000000100000000)
  region size 1024K, 7 young (7168K), 7 survivors (7168K)
 Metaspace       used 34948K, capacity 35746K, committed 35840K, reserved 286720K
  class space    used 4562K, capacity 4899K, committed 4992K, reserved 253952K
}
Event: 5.181 GC heap before
{Heap before GC invocations=6 (full 0):
 garbage-first heap   total 262144K, used 136597K [0x00000000e0000000, 0x0000000100000000)
  region size 1024K, 115 young (117760K), 7 survivors (7168K)
 Metaspace       used 45251K, capacity 46431K, committed 46464K, reserved 294912K
  class space    used 5831K, capacity 6241K, committed 6272K, reserved 253952K
}
Event: 5.196 GC heap after
{Heap after GC invocations=7 (full 0):
 garbage-first heap   total 262144K, used 30703K [0x00000000e0000000, 0x0000000100000000)
  region size 1024K, 14 young (14336K), 14 survivors (14336K)
 Metaspace       used 45251K, capacity 46431K, committed 46464K, reserved 294912K
  class space    used 5831K, capacity 6241K, committed 6272K, reserved 253952K
}
Event: 6.863 GC heap before
{Heap before GC invocations=7 (full 0):
 garbage-first heap   total 262144K, used 173039K [0x00000000e0000000, 0x0000000100000000)
  region size 1024K, 153 young (156672K), 14 survivors (14336K)
 Metaspace       used 53584K, capacity 55296K, committed 55424K, reserved 303104K
  class space    used 7140K, capacity 7739K, committed 7808K, reserved 253952K
}
Event: 6.879 GC heap after
{Heap after GC invocations=8 (full 0):
 garbage-first heap   total 262144K, used 37107K [0x00000000e0000000, 0x0000000100000000)
  region size 1024K, 15 young (15360K), 15 survivors (15360K)
 Metaspace       used 53584K, capacity 55296K, committed 55424K, reserved 303104K
  class space    used 7140K, capacity 7739K, committed 7808K, reserved 253952K
}
Event: 7.492 GC heap before
{Heap before GC invocations=8 (full 0):
 garbage-first heap   total 262144K, used 77043K [0x00000000e0000000, 0x0000000100000000)
  region size 1024K, 56 young (57344K), 15 survivors (15360K)
 Metaspace       used 58272K, capacity 60107K, committed 60160K, reserved 307200K
  class space    used 7754K, capacity 8403K, committed 8448K, reserved 253952K
}
Event: 7.513 GC heap after
{Heap after GC invocations=9 (full 0):
 garbage-first heap   total 262144K, used 43608K [0x00000000e0000000, 0x0000000100000000)
  region size 1024K, 14 young (14336K), 14 survivors (14336K)
 Metaspace       used 58272K, capacity 60107K, committed 60160K, reserved 307200K
  class space    used 7754K, capacity 8403K, committed 8448K, reserved 253952K
}

Deoptimization events (10 events):
Event: 155.797 Thread 0x000002ed5b464800 Uncommon trap: reason=unstable_if action=reinterpret pc=0x000002ed4d4462d0 method=com.esotericsoftware.kryo.io.Input.require(I)I @ 180 c2
Event: 244.510 Thread 0x000002ed5c17f000 Uncommon trap: reason=unstable_if action=reinterpret pc=0x000002ed4d40c910 method=java.lang.ThreadLocal.get()Ljava/lang/Object; @ 11 c2
Event: 326.691 Thread 0x000002ed5c65d800 Uncommon trap: reason=predicate action=maybe_recompile pc=0x000002ed4d3a49fc method=java.util.TreeMap.getEntryUsingComparator(Ljava/lang/Object;)Ljava/util/TreeMap$Entry; @ 19 c2
Event: 326.692 Thread 0x000002ed5c65d800 Uncommon trap: reason=bimorphic_or_optimized_type_check action=maybe_recompile pc=0x000002ed4d54ed08 method=com.google.common.collect.ImmutableSet.copyOf(Ljava/util/Collection;)Lcom/google/common/collect/ImmutableSet; @ 29 c2
Event: 326.717 Thread 0x000002ed5c65b000 Uncommon trap: reason=bimorphic_or_optimized_type_check action=maybe_recompile pc=0x000002ed4d54ed08 method=com.google.common.collect.ImmutableSet.copyOf(Ljava/util/Collection;)Lcom/google/common/collect/ImmutableSet; @ 29 c2
Event: 326.717 Thread 0x000002ed5c65b000 Uncommon trap: reason=bimorphic_or_optimized_type_check action=maybe_recompile pc=0x000002ed4d54ed08 method=com.google.common.collect.ImmutableSet.copyOf(Ljava/util/Collection;)Lcom/google/common/collect/ImmutableSet; @ 29 c2
Event: 326.794 Thread 0x000002ed5c65b000 Uncommon trap: reason=profile_predicate action=maybe_recompile pc=0x000002ed4d551424 method=com.google.common.collect.ImmutableSet.construct(I[Ljava/lang/Object;)Lcom/google/common/collect/ImmutableSet; @ 68 c2
Event: 326.798 Thread 0x000002ed5c65b000 Uncommon trap: reason=profile_predicate action=maybe_recompile pc=0x000002ed4d551424 method=com.google.common.collect.ImmutableSet.construct(I[Ljava/lang/Object;)Lcom/google/common/collect/ImmutableSet; @ 68 c2
Event: 327.033 Thread 0x000002ed5b221000 Uncommon trap: reason=unstable_if action=reinterpret pc=0x000002ed4d441508 method=java.util.concurrent.ConcurrentHashMap.addCount(JI)V @ 97 c2
Event: 327.038 Thread 0x000002ed5c65a000 Uncommon trap: reason=unstable_if action=reinterpret pc=0x000002ed4d4ac188 method=com.google.common.collect.HashBiMap.setSucceeds(II)V @ 3 c2

Classes redefined (0 events):
No events

Internal exceptions (10 events):
Event: 11.941 Thread 0x000002ed5bbe2800 Implicit null exception at 0x000002ed4d1efaf4 to 0x000002ed4d1f00e8
Event: 155.634 Thread 0x000002ed5eddd000 Exception <a 'java/lang/reflect/InvocationTargetException'{0x00000000ea5a4198}> (0x00000000ea5a4198) thrown at [./open/src/hotspot/share/runtime/reflection.cpp, line 1242]
Event: 155.642 Thread 0x000002ed5c180800 Exception <a 'java/lang/NoSuchMethodError'{0x00000000ea087598}: static Lorg/gradle/internal/build/event/types/DefaultTaskFailureResult;.<clinit>()V> (0x00000000ea087598) thrown at [./open/src/hotspot/share/prims/jni.cpp, line 1366]
Event: 155.643 Thread 0x000002ed5c180800 Exception <a 'java/lang/NoSuchMethodError'{0x00000000ea096df8}: static Lorg/gradle/internal/build/event/types/DefaultFailure;.<clinit>()V> (0x00000000ea096df8) thrown at [./open/src/hotspot/share/prims/jni.cpp, line 1366]
Event: 155.787 Thread 0x000002ed5b664000 Exception <a 'java/lang/NoSuchMethodError'{0x00000000ea0d38c0}: static Lorg/gradle/tooling/internal/provider/serialization/ClassLoaderDetails;.<clinit>()V> (0x00000000ea0d38c0) thrown at [./open/src/hotspot/share/prims/jni.cpp, line 1366]
Event: 155.788 Thread 0x000002ed5b664000 Exception <a 'java/lang/NoSuchMethodError'{0x00000000e96155a8}: static Lorg/gradle/tooling/internal/provider/serialization/WellKnownClassLoaderRegistry$KnownClassLoaderSpec;.<clinit>()V> (0x00000000e96155a8) thrown at [./open/src/hotspot/share/prims/jni.c
Event: 155.789 Thread 0x000002ed5b664000 Exception <a 'java/lang/NoSuchMethodError'{0x00000000e9616cd0}: static Lorg/gradle/internal/classloader/ClassLoaderSpec;.<clinit>()V> (0x00000000e9616cd0) thrown at [./open/src/hotspot/share/prims/jni.cpp, line 1366]
Event: 155.790 Thread 0x000002ed5b664000 Exception <a 'java/lang/NoSuchMethodError'{0x00000000e9628ee0}: static Lorg/gradle/internal/classloader/ClassLoaderSpec;.<clinit>()V> (0x00000000e9628ee0) thrown at [./open/src/hotspot/share/prims/jni.cpp, line 1366]
Event: 155.790 Thread 0x000002ed5b664000 Exception <a 'java/lang/NoSuchMethodError'{0x00000000e9635080}: static Lorg/gradle/internal/classloader/VisitableURLClassLoader$Spec;.<clinit>()V> (0x00000000e9635080) thrown at [./open/src/hotspot/share/prims/jni.cpp, line 1366]
Event: 244.510 Thread 0x000002ed5c17f000 Implicit null exception at 0x000002ed4d40c62b to 0x000002ed4d40c8fc

Events (10 events):
Event: 327.033 Thread 0x000002ed5b1c7000 Thread added: 0x000002ed5b1c7000
Event: 327.033 Thread 0x000002ed5b1ca000 Thread added: 0x000002ed5b1ca000
Event: 327.033 Thread 0x000002ed5b221000 Uncommon trap: trap_request=0xffffff4d fr.pc=0x000002ed4d441508 relative=0x0000000000001b88
Event: 327.033 Thread 0x000002ed5b221000 DEOPT PACKING pc=0x000002ed4d441508 sp=0x000000fe0aefe840
Event: 327.034 Thread 0x000002ed5b221000 DEOPT UNPACKING pc=0x000002ed4566662f sp=0x000000fe0aefe720 mode 2
Event: 327.037 Thread 0x000002ed5c65a000 Uncommon trap: trap_request=0xffffff4d fr.pc=0x000002ed4d4ac188 relative=0x0000000000007e68
Event: 327.038 Thread 0x000002ed5c65a000 DEOPT PACKING pc=0x000002ed4d4ac188 sp=0x000000fe0affdec0
Event: 327.038 Thread 0x000002ed5c65a000 DEOPT UNPACKING pc=0x000002ed4566662f sp=0x000000fe0affdca8 mode 2
Event: 327.052 Thread 0x000002ed5c65a000 DEOPT PACKING pc=0x000002ed45ee1d5a sp=0x000000fe0affe3c0
Event: 327.052 Thread 0x000002ed5c65a000 DEOPT UNPACKING pc=0x000002ed45666dde sp=0x000000fe0affd7f8 mode 0


Dynamic libraries:
0x00007ff7de060000 - 0x00007ff7de06f000 	C:\Program Files\Java\jdk-11.0.13\bin\java.exe
0x00007ffbc1650000 - 0x00007ffbc1845000 	C:\windows\SYSTEM32\ntdll.dll
0x00007ffbc0250000 - 0x00007ffbc030e000 	C:\windows\System32\KERNEL32.DLL
0x00007ffbbee80000 - 0x00007ffbbf148000 	C:\windows\System32\KERNELBASE.dll
0x00007ffbbf5b0000 - 0x00007ffbbf6b0000 	C:\windows\System32\ucrtbase.dll
0x00007ffbb8190000 - 0x00007ffbb81a8000 	C:\Program Files\Java\jdk-11.0.13\bin\jli.dll
0x00007ffbb80b0000 - 0x00007ffbb80c5000 	C:\Program Files\Java\jdk-11.0.13\bin\VCRUNTIME140.dll
0x00007ffbc0190000 - 0x00007ffbc023e000 	C:\windows\System32\ADVAPI32.dll
0x00007ffbc11c0000 - 0x00007ffbc125e000 	C:\windows\System32\msvcrt.dll
0x00007ffbc13d0000 - 0x00007ffbc146c000 	C:\windows\System32\sechost.dll
0x00007ffbc0cc0000 - 0x00007ffbc0de5000 	C:\windows\System32\RPCRT4.dll
0x00007ffbc1470000 - 0x00007ffbc1610000 	C:\windows\System32\USER32.dll
0x00007ffbbf400000 - 0x00007ffbbf422000 	C:\windows\System32\win32u.dll
0x00007ffba3eb0000 - 0x00007ffba414a000 	C:\windows\WinSxS\amd64_microsoft.windows.common-controls_6595b64144ccf1df_6.0.19041.1110_none_60b5254171f9507e\COMCTL32.dll
0x00007ffbc12c0000 - 0x00007ffbc12eb000 	C:\windows\System32\GDI32.dll
0x00007ffbbed70000 - 0x00007ffbbee7b000 	C:\windows\System32\gdi32full.dll
0x00007ffbbf510000 - 0x00007ffbbf5ad000 	C:\windows\System32\msvcp_win.dll
0x00007ffbb8300000 - 0x00007ffbb830a000 	C:\windows\SYSTEM32\VERSION.dll
0x00007ffbc0c90000 - 0x00007ffbc0cc0000 	C:\windows\System32\IMM32.DLL
0x00007ffba0b10000 - 0x00007ffba0bab000 	C:\Program Files\Java\jdk-11.0.13\bin\msvcp140.dll
0x00007ffb8fbc0000 - 0x00007ffb906d3000 	C:\Program Files\Java\jdk-11.0.13\bin\server\jvm.dll
0x00007ffbc0060000 - 0x00007ffbc0068000 	C:\windows\System32\PSAPI.DLL
0x00007ffba0870000 - 0x00007ffba0897000 	C:\windows\SYSTEM32\WINMM.dll
0x00007ffbb9990000 - 0x00007ffbb9999000 	C:\windows\SYSTEM32\WSOCK32.dll
0x00007ffbc1150000 - 0x00007ffbc11bb000 	C:\windows\System32\WS2_32.dll
0x00007ffbbcc80000 - 0x00007ffbbcc92000 	C:\windows\SYSTEM32\kernel.appcore.dll
0x00007ffbb80a0000 - 0x00007ffbb80b0000 	C:\Program Files\Java\jdk-11.0.13\bin\verify.dll
0x00007ffbaa6e0000 - 0x00007ffbaa8c4000 	C:\windows\SYSTEM32\DBGHELP.DLL
0x00007ffbab020000 - 0x00007ffbab04c000 	C:\windows\SYSTEM32\dbgcore.DLL
0x00007ffbbf370000 - 0x00007ffbbf3f2000 	C:\windows\System32\bcryptPrimitives.dll
0x00007ffbb8050000 - 0x00007ffbb8078000 	C:\Program Files\Java\jdk-11.0.13\bin\java.dll
0x00007ffbb8040000 - 0x00007ffbb804a000 	C:\Program Files\Java\jdk-11.0.13\bin\jimage.dll
0x00007ffbab3e0000 - 0x00007ffbab3f6000 	C:\Program Files\Java\jdk-11.0.13\bin\zip.dll
0x00007ffbbf6b0000 - 0x00007ffbbfdf4000 	C:\windows\System32\SHELL32.dll
0x00007ffbbce80000 - 0x00007ffbbd614000 	C:\windows\SYSTEM32\windows.storage.dll
0x00007ffbc0df0000 - 0x00007ffbc1144000 	C:\windows\System32\combase.dll
0x00007ffbbe7d0000 - 0x00007ffbbe7fc000 	C:\windows\SYSTEM32\Wldp.dll
0x00007ffbc0bb0000 - 0x00007ffbc0c5d000 	C:\windows\System32\SHCORE.dll
0x00007ffbbfe00000 - 0x00007ffbbfe55000 	C:\windows\System32\shlwapi.dll
0x00007ffbbecb0000 - 0x00007ffbbeccf000 	C:\windows\SYSTEM32\profapi.dll
0x00007ffba6f40000 - 0x00007ffba6f59000 	C:\Program Files\Java\jdk-11.0.13\bin\net.dll
0x00007ffbb2b90000 - 0x00007ffbb2c99000 	C:\windows\SYSTEM32\WINHTTP.dll
0x00007ffbbe530000 - 0x00007ffbbe59a000 	C:\windows\system32\mswsock.dll
0x00007ffba6f10000 - 0x00007ffba6f22000 	C:\Program Files\Java\jdk-11.0.13\bin\nio.dll
0x00007ffb959e0000 - 0x00007ffb95a07000 	C:\Users\NoName\.gradle\native\8bec1ad78214c89d9ad589b4d07fe93259594b29d510b10fafb7a158f7737e5d\windows-amd64\native-platform.dll
0x00007ffb73530000 - 0x00007ffb7366d000 	C:\Users\NoName\.gradle\native\53dbd7edfb1c66fb8903c78663c9afc45aea4f116125fa6feffd364cf09443e8\windows-amd64\native-platform-file-events.dll
0x00007ffbb7ff0000 - 0x00007ffbb7ff9000 	C:\Program Files\Java\jdk-11.0.13\bin\management.dll
0x00007ffbae020000 - 0x00007ffbae02b000 	C:\Program Files\Java\jdk-11.0.13\bin\management_ext.dll
0x00007ffbbe720000 - 0x00007ffbbe738000 	C:\windows\SYSTEM32\CRYPTSP.dll
0x00007ffbbde40000 - 0x00007ffbbde74000 	C:\windows\system32\rsaenh.dll
0x00007ffbbf4e0000 - 0x00007ffbbf507000 	C:\windows\System32\bcrypt.dll
0x00007ffbbec30000 - 0x00007ffbbec5e000 	C:\windows\SYSTEM32\USERENV.dll
0x00007ffbbe740000 - 0x00007ffbbe74c000 	C:\windows\SYSTEM32\CRYPTBASE.dll
0x00007ffbbe1d0000 - 0x00007ffbbe20b000 	C:\windows\SYSTEM32\IPHLPAPI.DLL
0x00007ffbc0240000 - 0x00007ffbc0248000 	C:\windows\System32\NSI.dll
0x00007ffbb51c0000 - 0x00007ffbb51d7000 	C:\windows\SYSTEM32\dhcpcsvc6.DLL
0x00007ffbb5a00000 - 0x00007ffbb5a1d000 	C:\windows\SYSTEM32\dhcpcsvc.DLL
0x00007ffbbe210000 - 0x00007ffbbe2da000 	C:\windows\SYSTEM32\DNSAPI.dll

dbghelp: loaded successfully - version: 4.0.5 - missing functions: none
symbol engine: initialized successfully - sym options: 0x614 - pdb path: (cannot be retrieved)

VM Arguments:
jvm_args: --add-opens=java.base/java.util=ALL-UNNAMED --add-opens=java.base/java.lang=ALL-UNNAMED --add-opens=java.base/java.lang.invoke=ALL-UNNAMED --add-opens=java.base/java.util=ALL-UNNAMED --add-opens=java.prefs/java.util.prefs=ALL-UNNAMED --add-opens=java.prefs/java.util.prefs=ALL-UNNAMED --add-opens=java.base/java.nio.charset=ALL-UNNAMED --add-opens=java.base/java.net=ALL-UNNAMED --add-opens=java.base/java.util.concurrent.atomic=ALL-UNNAMED -XX:MaxMetaspaceSize=256m -XX:+HeapDumpOnOutOfMemoryError -Xms256m -Xmx512m -Dfile.encoding=windows-1251 -Duser.country=UA -Duser.language=uk -Duser.variant 
java_command: org.gradle.launcher.daemon.bootstrap.GradleDaemon 7.1
java_class_path (initial): C:\Users\NoName\.gradle\wrapper\dists\gradle-7.1-all\9ccjyfn4kvk7v1w1wbmf8rhqp\gradle-7.1\lib\gradle-launcher-7.1.jar
Launcher Type: SUN_STANDARD

[Global flags]
     intx CICompilerCount                          = 4                                         {product} {ergonomic}
   size_t CompressedClassSpaceSize                 = 260046848                                 {product} {ergonomic}
     uint ConcGCThreads                            = 2                                         {product} {ergonomic}
     uint G1ConcRefinementThreads                  = 8                                         {product} {ergonomic}
   size_t G1HeapRegionSize                         = 1048576                                   {product} {ergonomic}
    uintx GCDrainStackTargetSize                   = 64                                        {product} {ergonomic}
     bool HeapDumpOnOutOfMemoryError               = true                                   {manageable} {command line}
   size_t InitialHeapSize                          = 268435456                                 {product} {command line}
   size_t MarkStackSize                            = 4194304                                   {product} {ergonomic}
   size_t MaxHeapSize                              = 536870912                                 {product} {command line}
   size_t MaxMetaspaceSize                         = 268435456                                 {product} {command line}
   size_t MaxNewSize                               = 321912832                                 {product} {ergonomic}
   size_t MinHeapDeltaBytes                        = 1048576                                   {product} {ergonomic}
    uintx NonNMethodCodeHeapSize                   = 5836300                                {pd product} {ergonomic}
    uintx NonProfiledCodeHeapSize                  = 122910970                              {pd product} {ergonomic}
    uintx ProfiledCodeHeapSize                     = 122910970                              {pd product} {ergonomic}
    uintx ReservedCodeCacheSize                    = 251658240                              {pd product} {ergonomic}
     bool SegmentedCodeCache                       = true                                      {product} {ergonomic}
     bool UseCompressedClassPointers               = true                                 {lp64_product} {ergonomic}
     bool UseCompressedOops                        = true                                 {lp64_product} {ergonomic}
     bool UseG1GC                                  = true                                      {product} {ergonomic}
     bool UseLargePagesIndividualAllocation        = false                                  {pd product} {ergonomic}

Logging:
Log output configuration:
 #0: stdout all=warning uptime,level,tags
 #1: stderr all=off uptime,level,tags

Environment Variables:
JAVA_HOME=C:\Program Files (x86)\Java\jdk1.8.0_291
PATH=C:\windows\system32;C:\windows;C:\windows\System32\Wbem;C:\windows\System32\WindowsPowerShell\v1.0\;C:\windows\System32\OpenSSH\;C:\Program Files (x86)\Java\jdk1.8.0_291\bin;C:\apache-maven-3.8.4\bin;C:\Program Files\Git\cmd;C:\apache-maven-3.8.4\bin;C:\cr;C:\Users\NoName\AppData\Local\Microsoft\WindowsApps;
USERNAME=NoName
OS=Windows_NT
PROCESSOR_IDENTIFIER=Intel64 Family 6 Model 142 Stepping 10, GenuineIntel



---------------  S Y S T E M  ---------------

OS: Windows 10 , 64 bit Build 19041 (10.0.19041.1566)

CPU:total 8 (initial active 8) (4 cores per cpu, 2 threads per core) family 6 model 142 stepping 10 microcode 0xb4, cmov, cx8, fxsr, mmx, sse, sse2, sse3, ssse3, sse4.1, sse4.2, popcnt, avx, avx2, aes, clmul, erms, 3dnowpref, lzcnt, ht, tsc, tscinvbit, bmi1, bmi2, adx, fma

Memory: 4k page, system-wide physical 8075M (646M free)
TotalPageFile size 8075M (AvailPageFile size 5M)
current process WorkingSet (physical memory assigned to process): 412M, peak: 414M
current process commit charge ("private bytes"): 502M, peak: 522M

vm_info: Java HotSpot(TM) 64-Bit Server VM (11.0.13+10-LTS-370) for windows-amd64 JRE (11.0.13+10-LTS-370), built on Sep 15 2021 22:10:36 by "mach5one" with MS VC++ 15.9 (VS2017)

END.
